<?xml version="1.0" encoding="UTF-8"?>
<testsuite xmlns:xsi="http://www.w3.org/2001/XMLSchema-instance" xsi:noNamespaceSchemaLocation="https://maven.apache.org/surefire/maven-surefire-plugin/xsd/surefire-test-report-3.0.xsd" version="3.0" name="com.bddinaction.chapter2.jbehave.TestStoryRunner" time="2.382" tests="21" errors="0" skipped="0" failures="0">
  <properties>
    <property name="sun.desktop" value="gnome"/>
    <property name="awt.toolkit" value="sun.awt.X11.XToolkit"/>
    <property name="java.specification.version" value="11"/>
    <property name="sun.cpu.isalist" value=""/>
    <property name="sun.jnu.encoding" value="UTF-8"/>
    <property name="java.class.path" value="/home/icborba@sefaz.al.gov.br/bdd-in-action/Chapter-2/Train-Timetables/target/test-classes:/home/icborba@sefaz.al.gov.br/bdd-in-action/Chapter-2/Train-Timetables/target/classes:/home/icborba@sefaz.al.gov.br/.m2/repository/net/serenity-bdd/serenity-core/3.0.5/serenity-core-3.0.5.jar:/home/icborba@sefaz.al.gov.br/.m2/repository/net/serenity-bdd/serenity-model/3.0.5/serenity-model-3.0.5.jar:/home/icborba@sefaz.al.gov.br/.m2/repository/org/apache/commons/commons-text/1.9/commons-text-1.9.jar:/home/icborba@sefaz.al.gov.br/.m2/repository/commons-net/commons-net/3.6/commons-net-3.6.jar:/home/icborba@sefaz.al.gov.br/.m2/repository/com/google/guava/guava/31.0.1-jre/guava-31.0.1-jre.jar:/home/icborba@sefaz.al.gov.br/.m2/repository/com/google/guava/failureaccess/1.0.1/failureaccess-1.0.1.jar:/home/icborba@sefaz.al.gov.br/.m2/repository/com/google/guava/listenablefuture/9999.0-empty-to-avoid-conflict-with-guava/listenablefuture-9999.0-empty-to-avoid-conflict-with-guava.jar:/home/icborba@sefaz.al.gov.br/.m2/repository/com/google/code/findbugs/jsr305/3.0.2/jsr305-3.0.2.jar:/home/icborba@sefaz.al.gov.br/.m2/repository/org/checkerframework/checker-qual/3.12.0/checker-qual-3.12.0.jar:/home/icborba@sefaz.al.gov.br/.m2/repository/com/google/errorprone/error_prone_annotations/2.7.1/error_prone_annotations-2.7.1.jar:/home/icborba@sefaz.al.gov.br/.m2/repository/com/google/j2objc/j2objc-annotations/1.3/j2objc-annotations-1.3.jar:/home/icborba@sefaz.al.gov.br/.m2/repository/com/google/inject/guice/5.0.1/guice-5.0.1.jar:/home/icborba@sefaz.al.gov.br/.m2/repository/javax/inject/javax.inject/1/javax.inject-1.jar:/home/icborba@sefaz.al.gov.br/.m2/repository/aopalliance/aopalliance/1.0/aopalliance-1.0.jar:/home/icborba@sefaz.al.gov.br/.m2/repository/org/jsoup/jsoup/1.13.1/jsoup-1.13.1.jar:/home/icborba@sefaz.al.gov.br/.m2/repository/com/thoughtworks/xstream/xstream/1.4.18/xstream-1.4.18.jar:/home/icborba@sefaz.al.gov.br/.m2/repository/io/github/x-stream/mxparser/1.2.2/mxparser-1.2.2.jar:/home/icborba@sefaz.al.gov.br/.m2/repository/xmlpull/xmlpull/1.1.3.1/xmlpull-1.1.3.1.jar:/home/icborba@sefaz.al.gov.br/.m2/repository/io/cucumber/cucumber-core/6.11.0/cucumber-core-6.11.0.jar:/home/icborba@sefaz.al.gov.br/.m2/repository/io/cucumber/cucumber-gherkin/6.11.0/cucumber-gherkin-6.11.0.jar:/home/icborba@sefaz.al.gov.br/.m2/repository/io/cucumber/cucumber-gherkin-messages/6.11.0/cucumber-gherkin-messages-6.11.0.jar:/home/icborba@sefaz.al.gov.br/.m2/repository/io/cucumber/messages/15.0.0/messages-15.0.0.jar:/home/icborba@sefaz.al.gov.br/.m2/repository/io/cucumber/tag-expressions/3.0.1/tag-expressions-3.0.1.jar:/home/icborba@sefaz.al.gov.br/.m2/repository/io/cucumber/cucumber-expressions/10.3.0/cucumber-expressions-10.3.0.jar:/home/icborba@sefaz.al.gov.br/.m2/repository/io/cucumber/datatable/3.5.0/datatable-3.5.0.jar:/home/icborba@sefaz.al.gov.br/.m2/repository/io/cucumber/cucumber-plugin/6.11.0/cucumber-plugin-6.11.0.jar:/home/icborba@sefaz.al.gov.br/.m2/repository/io/cucumber/docstring/6.11.0/docstring-6.11.0.jar:/home/icborba@sefaz.al.gov.br/.m2/repository/io/cucumber/html-formatter/13.0.0/html-formatter-13.0.0.jar:/home/icborba@sefaz.al.gov.br/.m2/repository/io/cucumber/create-meta/4.0.0/create-meta-4.0.0.jar:/home/icborba@sefaz.al.gov.br/.m2/repository/io/cucumber/cucumber-java/6.11.0/cucumber-java-6.11.0.jar:/home/icborba@sefaz.al.gov.br/.m2/repository/com/typesafe/config/1.3.1/config-1.3.1.jar:/home/icborba@sefaz.al.gov.br/.m2/repository/org/imgscalr/imgscalr-lib/4.2/imgscalr-lib-4.2.jar:/home/icborba@sefaz.al.gov.br/.m2/repository/org/awaitility/awaitility/4.1.0/awaitility-4.1.0.jar:/home/icborba@sefaz.al.gov.br/.m2/repository/org/freemarker/freemarker/2.3.31/freemarker-2.3.31.jar:/home/icborba@sefaz.al.gov.br/.m2/repository/net/sourceforge/jexcelapi/jxl/2.6.12/jxl-2.6.12.jar:/home/icborba@sefaz.al.gov.br/.m2/repository/org/asciidoctor/asciidoctorj/2.5.1/asciidoctorj-2.5.1.jar:/home/icborba@sefaz.al.gov.br/.m2/repository/org/asciidoctor/asciidoctorj-api/2.5.1/asciidoctorj-api-2.5.1.jar:/home/icborba@sefaz.al.gov.br/.m2/repository/org/jruby/jruby/9.2.17.0/jruby-9.2.17.0.jar:/home/icborba@sefaz.al.gov.br/.m2/repository/org/jruby/jruby-core/9.2.17.0/jruby-core-9.2.17.0.jar:/home/icborba@sefaz.al.gov.br/.m2/repository/com/github/jnr/jnr-netdb/1.2.0/jnr-netdb-1.2.0.jar:/home/icborba@sefaz.al.gov.br/.m2/repository/com/github/jnr/jnr-enxio/0.32.3/jnr-enxio-0.32.3.jar:/home/icborba@sefaz.al.gov.br/.m2/repository/com/github/jnr/jnr-unixsocket/0.38.5/jnr-unixsocket-0.38.5.jar:/home/icborba@sefaz.al.gov.br/.m2/repository/com/github/jnr/jnr-posix/3.1.4/jnr-posix-3.1.4.jar:/home/icborba@sefaz.al.gov.br/.m2/repository/com/github/jnr/jnr-constants/0.10.1/jnr-constants-0.10.1.jar:/home/icborba@sefaz.al.gov.br/.m2/repository/com/github/jnr/jffi/1.3.1/jffi-1.3.1.jar:/home/icborba@sefaz.al.gov.br/.m2/repository/com/github/jnr/jffi/1.3.1/jffi-1.3.1-native.jar:/home/icborba@sefaz.al.gov.br/.m2/repository/org/jruby/joni/joni/2.1.31/joni-2.1.31.jar:/home/icborba@sefaz.al.gov.br/.m2/repository/org/jruby/jcodings/jcodings/1.0.46/jcodings-1.0.46.jar:/home/icborba@sefaz.al.gov.br/.m2/repository/org/jruby/dirgra/0.3/dirgra-0.3.jar:/home/icborba@sefaz.al.gov.br/.m2/repository/com/headius/invokebinder/1.11/invokebinder-1.11.jar:/home/icborba@sefaz.al.gov.br/.m2/repository/com/headius/options/1.4/options-1.4.jar:/home/icborba@sefaz.al.gov.br/.m2/repository/com/jcraft/jzlib/1.1.3/jzlib-1.1.3.jar:/home/icborba@sefaz.al.gov.br/.m2/repository/com/martiansoftware/nailgun-server/0.9.1/nailgun-server-0.9.1.jar:/home/icborba@sefaz.al.gov.br/.m2/repository/com/headius/backport9/1.8/backport9-1.8.jar:/home/icborba@sefaz.al.gov.br/.m2/repository/javax/annotation/javax.annotation-api/1.3.1/javax.annotation-api-1.3.1.jar:/home/icborba@sefaz.al.gov.br/.m2/repository/org/jruby/jruby-stdlib/9.2.17.0/jruby-stdlib-9.2.17.0.jar:/home/icborba@sefaz.al.gov.br/.m2/repository/net/bytebuddy/byte-buddy-agent/1.11.22/byte-buddy-agent-1.11.22.jar:/home/icborba@sefaz.al.gov.br/.m2/repository/org/objenesis/objenesis/3.1/objenesis-3.1.jar:/home/icborba@sefaz.al.gov.br/.m2/repository/net/serenity-bdd/serenity-reports/3.0.5/serenity-reports-3.0.5.jar:/home/icborba@sefaz.al.gov.br/.m2/repository/net/serenity-bdd/serenity-stats/3.0.5/serenity-stats-3.0.5.jar:/home/icborba@sefaz.al.gov.br/.m2/repository/org/jetbrains/kotlin/kotlin-stdlib/1.5.31/kotlin-stdlib-1.5.31.jar:/home/icborba@sefaz.al.gov.br/.m2/repository/org/jetbrains/annotations/13.0/annotations-13.0.jar:/home/icborba@sefaz.al.gov.br/.m2/repository/org/jetbrains/kotlin/kotlin-stdlib-common/1.5.31/kotlin-stdlib-common-1.5.31.jar:/home/icborba@sefaz.al.gov.br/.m2/repository/net/serenity-bdd/serenity-reports-configuration/3.0.5/serenity-reports-configuration-3.0.5.jar:/home/icborba@sefaz.al.gov.br/.m2/repository/com/vladsch/flexmark/flexmark-all/0.34.30/flexmark-all-0.34.30.jar:/home/icborba@sefaz.al.gov.br/.m2/repository/com/vladsch/flexmark/flexmark/0.34.30/flexmark-0.34.30.jar:/home/icborba@sefaz.al.gov.br/.m2/repository/com/vladsch/flexmark/flexmark-ext-abbreviation/0.34.30/flexmark-ext-abbreviation-0.34.30.jar:/home/icborba@sefaz.al.gov.br/.m2/repository/com/vladsch/flexmark/flexmark-ext-admonition/0.34.30/flexmark-ext-admonition-0.34.30.jar:/home/icborba@sefaz.al.gov.br/.m2/repository/com/vladsch/flexmark/flexmark-ext-anchorlink/0.34.30/flexmark-ext-anchorlink-0.34.30.jar:/home/icborba@sefaz.al.gov.br/.m2/repository/com/vladsch/flexmark/flexmark-ext-aside/0.34.30/flexmark-ext-aside-0.34.30.jar:/home/icborba@sefaz.al.gov.br/.m2/repository/com/vladsch/flexmark/flexmark-ext-attributes/0.34.30/flexmark-ext-attributes-0.34.30.jar:/home/icborba@sefaz.al.gov.br/.m2/repository/com/vladsch/flexmark/flexmark-ext-autolink/0.34.30/flexmark-ext-autolink-0.34.30.jar:/home/icborba@sefaz.al.gov.br/.m2/repository/org/nibor/autolink/autolink/0.6.0/autolink-0.6.0.jar:/home/icborba@sefaz.al.gov.br/.m2/repository/com/vladsch/flexmark/flexmark-ext-definition/0.34.30/flexmark-ext-definition-0.34.30.jar:/home/icborba@sefaz.al.gov.br/.m2/repository/com/vladsch/flexmark/flexmark-ext-emoji/0.34.30/flexmark-ext-emoji-0.34.30.jar:/home/icborba@sefaz.al.gov.br/.m2/repository/com/vladsch/flexmark/flexmark-ext-enumerated-reference/0.34.30/flexmark-ext-enumerated-reference-0.34.30.jar:/home/icborba@sefaz.al.gov.br/.m2/repository/com/vladsch/flexmark/flexmark-ext-escaped-character/0.34.30/flexmark-ext-escaped-character-0.34.30.jar:/home/icborba@sefaz.al.gov.br/.m2/repository/com/vladsch/flexmark/flexmark-ext-footnotes/0.34.30/flexmark-ext-footnotes-0.34.30.jar:/home/icborba@sefaz.al.gov.br/.m2/repository/com/vladsch/flexmark/flexmark-ext-gfm-issues/0.34.30/flexmark-ext-gfm-issues-0.34.30.jar:/home/icborba@sefaz.al.gov.br/.m2/repository/com/vladsch/flexmark/flexmark-ext-gfm-strikethrough/0.34.30/flexmark-ext-gfm-strikethrough-0.34.30.jar:/home/icborba@sefaz.al.gov.br/.m2/repository/com/vladsch/flexmark/flexmark-ext-gfm-tables/0.34.30/flexmark-ext-gfm-tables-0.34.30.jar:/home/icborba@sefaz.al.gov.br/.m2/repository/com/vladsch/flexmark/flexmark-ext-gfm-tasklist/0.34.30/flexmark-ext-gfm-tasklist-0.34.30.jar:/home/icborba@sefaz.al.gov.br/.m2/repository/com/vladsch/flexmark/flexmark-ext-gfm-users/0.34.30/flexmark-ext-gfm-users-0.34.30.jar:/home/icborba@sefaz.al.gov.br/.m2/repository/com/vladsch/flexmark/flexmark-ext-gitlab/0.34.30/flexmark-ext-gitlab-0.34.30.jar:/home/icborba@sefaz.al.gov.br/.m2/repository/com/vladsch/flexmark/flexmark-ext-jekyll-front-matter/0.34.30/flexmark-ext-jekyll-front-matter-0.34.30.jar:/home/icborba@sefaz.al.gov.br/.m2/repository/com/vladsch/flexmark/flexmark-ext-jekyll-tag/0.34.30/flexmark-ext-jekyll-tag-0.34.30.jar:/home/icborba@sefaz.al.gov.br/.m2/repository/com/vladsch/flexmark/flexmark-ext-media-tags/0.34.30/flexmark-ext-media-tags-0.34.30.jar:/home/icborba@sefaz.al.gov.br/.m2/repository/com/vladsch/flexmark/flexmark-test-util/0.34.30/flexmark-test-util-0.34.30.jar:/home/icborba@sefaz.al.gov.br/.m2/repository/com/vladsch/flexmark/flexmark-ext-ins/0.34.30/flexmark-ext-ins-0.34.30.jar:/home/icborba@sefaz.al.gov.br/.m2/repository/com/vladsch/flexmark/flexmark-ext-xwiki-macros/0.34.30/flexmark-ext-xwiki-macros-0.34.30.jar:/home/icborba@sefaz.al.gov.br/.m2/repository/com/vladsch/flexmark/flexmark-ext-superscript/0.34.30/flexmark-ext-superscript-0.34.30.jar:/home/icborba@sefaz.al.gov.br/.m2/repository/com/vladsch/flexmark/flexmark-ext-tables/0.34.30/flexmark-ext-tables-0.34.30.jar:/home/icborba@sefaz.al.gov.br/.m2/repository/com/vladsch/flexmark/flexmark-ext-toc/0.34.30/flexmark-ext-toc-0.34.30.jar:/home/icborba@sefaz.al.gov.br/.m2/repository/com/vladsch/flexmark/flexmark-ext-typographic/0.34.30/flexmark-ext-typographic-0.34.30.jar:/home/icborba@sefaz.al.gov.br/.m2/repository/com/vladsch/flexmark/flexmark-ext-wikilink/0.34.30/flexmark-ext-wikilink-0.34.30.jar:/home/icborba@sefaz.al.gov.br/.m2/repository/com/vladsch/flexmark/flexmark-ext-yaml-front-matter/0.34.30/flexmark-ext-yaml-front-matter-0.34.30.jar:/home/icborba@sefaz.al.gov.br/.m2/repository/com/vladsch/flexmark/flexmark-ext-youtube-embedded/0.34.30/flexmark-ext-youtube-embedded-0.34.30.jar:/home/icborba@sefaz.al.gov.br/.m2/repository/com/vladsch/flexmark/flexmark-formatter/0.34.30/flexmark-formatter-0.34.30.jar:/home/icborba@sefaz.al.gov.br/.m2/repository/com/vladsch/flexmark/flexmark-html-parser/0.34.30/flexmark-html-parser-0.34.30.jar:/home/icborba@sefaz.al.gov.br/.m2/repository/com/vladsch/flexmark/flexmark-jira-converter/0.34.30/flexmark-jira-converter-0.34.30.jar:/home/icborba@sefaz.al.gov.br/.m2/repository/com/vladsch/flexmark/flexmark-pdf-converter/0.34.30/flexmark-pdf-converter-0.34.30.jar:/home/icborba@sefaz.al.gov.br/.m2/repository/com/openhtmltopdf/openhtmltopdf-core/0.0.1-RC13/openhtmltopdf-core-0.0.1-RC13.jar:/home/icborba@sefaz.al.gov.br/.m2/repository/com/openhtmltopdf/openhtmltopdf-pdfbox/0.0.1-RC13/openhtmltopdf-pdfbox-0.0.1-RC13.jar:/home/icborba@sefaz.al.gov.br/.m2/repository/org/apache/pdfbox/pdfbox/2.0.8/pdfbox-2.0.8.jar:/home/icborba@sefaz.al.gov.br/.m2/repository/org/apache/pdfbox/fontbox/2.0.8/fontbox-2.0.8.jar:/home/icborba@sefaz.al.gov.br/.m2/repository/org/apache/pdfbox/xmpbox/2.0.8/xmpbox-2.0.8.jar:/home/icborba@sefaz.al.gov.br/.m2/repository/de/rototor/pdfbox/graphics2d/0.12/graphics2d-0.12.jar:/home/icborba@sefaz.al.gov.br/.m2/repository/com/openhtmltopdf/openhtmltopdf-rtl-support/0.0.1-RC13/openhtmltopdf-rtl-support-0.0.1-RC13.jar:/home/icborba@sefaz.al.gov.br/.m2/repository/com/ibm/icu/icu4j/59.1/icu4j-59.1.jar:/home/icborba@sefaz.al.gov.br/.m2/repository/com/openhtmltopdf/openhtmltopdf-jsoup-dom-converter/0.0.1-RC13/openhtmltopdf-jsoup-dom-converter-0.0.1-RC13.jar:/home/icborba@sefaz.al.gov.br/.m2/repository/com/vladsch/flexmark/flexmark-profile-pegdown/0.34.30/flexmark-profile-pegdown-0.34.30.jar:/home/icborba@sefaz.al.gov.br/.m2/repository/com/vladsch/flexmark/flexmark-util/0.34.30/flexmark-util-0.34.30.jar:/home/icborba@sefaz.al.gov.br/.m2/repository/com/vladsch/flexmark/flexmark-youtrack-converter/0.34.30/flexmark-youtrack-converter-0.34.30.jar:/home/icborba@sefaz.al.gov.br/.m2/repository/es/nitaur/markdown/txtmark/0.16/txtmark-0.16.jar:/home/icborba@sefaz.al.gov.br/.m2/repository/net/serenity-bdd/serenity-report-resources/3.0.5/serenity-report-resources-3.0.5.jar:/home/icborba@sefaz.al.gov.br/.m2/repository/com/google/code/gson/gson/2.8.8/gson-2.8.8.jar:/home/icborba@sefaz.al.gov.br/.m2/repository/com/fasterxml/jackson/core/jackson-core/2.12.4/jackson-core-2.12.4.jar:/home/icborba@sefaz.al.gov.br/.m2/repository/com/fasterxml/jackson/core/jackson-databind/2.12.4/jackson-databind-2.12.4.jar:/home/icborba@sefaz.al.gov.br/.m2/repository/com/fasterxml/jackson/core/jackson-annotations/2.12.4/jackson-annotations-2.12.4.jar:/home/icborba@sefaz.al.gov.br/.m2/repository/commons-codec/commons-codec/1.15/commons-codec-1.15.jar:/home/icborba@sefaz.al.gov.br/.m2/repository/commons-io/commons-io/2.8.0/commons-io-2.8.0.jar:/home/icborba@sefaz.al.gov.br/.m2/repository/org/seleniumhq/selenium/selenium-server/3.141.59/selenium-server-3.141.59.jar:/home/icborba@sefaz.al.gov.br/.m2/repository/org/seleniumhq/selenium/selenium-opera-driver/3.141.59/selenium-opera-driver-3.141.59.jar:/home/icborba@sefaz.al.gov.br/.m2/repository/org/seleniumhq/selenium/selenium-remote-driver/3.141.59/selenium-remote-driver-3.141.59.jar:/home/icborba@sefaz.al.gov.br/.m2/repository/org/seleniumhq/selenium/selenium-safari-driver/3.141.59/selenium-safari-driver-3.141.59.jar:/home/icborba@sefaz.al.gov.br/.m2/repository/com/beust/jcommander/1.72/jcommander-1.72.jar:/home/icborba@sefaz.al.gov.br/.m2/repository/org/apache/commons/commons-exec/1.3/commons-exec-1.3.jar:/home/icborba@sefaz.al.gov.br/.m2/repository/net/jcip/jcip-annotations/1.0/jcip-annotations-1.0.jar:/home/icborba@sefaz.al.gov.br/.m2/repository/org/seleniumhq/selenium/jetty-repacked/9.4.12.v20180830/jetty-repacked-9.4.12.v20180830.jar:/home/icborba@sefaz.al.gov.br/.m2/repository/com/squareup/okhttp3/okhttp/3.11.0/okhttp-3.11.0.jar:/home/icborba@sefaz.al.gov.br/.m2/repository/com/squareup/okio/okio/1.14.0/okio-1.14.0.jar:/home/icborba@sefaz.al.gov.br/.m2/repository/javax/servlet/javax.servlet-api/3.1.0/javax.servlet-api-3.1.0.jar:/home/icborba@sefaz.al.gov.br/.m2/repository/org/yaml/snakeyaml/1.19/snakeyaml-1.19.jar:/home/icborba@sefaz.al.gov.br/.m2/repository/org/seleniumhq/selenium/selenium-java/3.141.59/selenium-java-3.141.59.jar:/home/icborba@sefaz.al.gov.br/.m2/repository/org/seleniumhq/selenium/selenium-api/3.141.59/selenium-api-3.141.59.jar:/home/icborba@sefaz.al.gov.br/.m2/repository/org/seleniumhq/selenium/selenium-support/3.141.59/selenium-support-3.141.59.jar:/home/icborba@sefaz.al.gov.br/.m2/repository/org/seleniumhq/selenium/selenium-chrome-driver/3.141.59/selenium-chrome-driver-3.141.59.jar:/home/icborba@sefaz.al.gov.br/.m2/repository/org/seleniumhq/selenium/selenium-firefox-driver/3.141.59/selenium-firefox-driver-3.141.59.jar:/home/icborba@sefaz.al.gov.br/.m2/repository/org/seleniumhq/selenium/selenium-edge-driver/3.141.59/selenium-edge-driver-3.141.59.jar:/home/icborba@sefaz.al.gov.br/.m2/repository/org/seleniumhq/selenium/selenium-ie-driver/3.141.59/selenium-ie-driver-3.141.59.jar:/home/icborba@sefaz.al.gov.br/.m2/repository/net/sourceforge/htmlunit/htmlunit/2.47.1/htmlunit-2.47.1.jar:/home/icborba@sefaz.al.gov.br/.m2/repository/xalan/xalan/2.7.2/xalan-2.7.2.jar:/home/icborba@sefaz.al.gov.br/.m2/repository/xalan/serializer/2.7.2/serializer-2.7.2.jar:/home/icborba@sefaz.al.gov.br/.m2/repository/org/apache/httpcomponents/httpmime/4.5.13/httpmime-4.5.13.jar:/home/icborba@sefaz.al.gov.br/.m2/repository/org/apache/httpcomponents/httpclient/4.5.13/httpclient-4.5.13.jar:/home/icborba@sefaz.al.gov.br/.m2/repository/org/apache/httpcomponents/httpcore/4.4.13/httpcore-4.4.13.jar:/home/icborba@sefaz.al.gov.br/.m2/repository/net/sourceforge/htmlunit/htmlunit-core-js/2.47.0/htmlunit-core-js-2.47.0.jar:/home/icborba@sefaz.al.gov.br/.m2/repository/net/sourceforge/htmlunit/neko-htmlunit/2.47.1/neko-htmlunit-2.47.1.jar:/home/icborba@sefaz.al.gov.br/.m2/repository/xerces/xercesImpl/2.12.0/xercesImpl-2.12.0.jar:/home/icborba@sefaz.al.gov.br/.m2/repository/xml-apis/xml-apis/1.4.01/xml-apis-1.4.01.jar:/home/icborba@sefaz.al.gov.br/.m2/repository/net/sourceforge/htmlunit/htmlunit-cssparser/1.7.0/htmlunit-cssparser-1.7.0.jar:/home/icborba@sefaz.al.gov.br/.m2/repository/org/brotli/dec/0.1.2/dec-0.1.2.jar:/home/icborba@sefaz.al.gov.br/.m2/repository/com/shapesecurity/salvation2/3.0.0/salvation2-3.0.0.jar:/home/icborba@sefaz.al.gov.br/.m2/repository/org/eclipse/jetty/websocket/websocket-client/9.4.36.v20210114/websocket-client-9.4.36.v20210114.jar:/home/icborba@sefaz.al.gov.br/.m2/repository/org/eclipse/jetty/jetty-client/9.4.36.v20210114/jetty-client-9.4.36.v20210114.jar:/home/icborba@sefaz.al.gov.br/.m2/repository/org/eclipse/jetty/jetty-http/9.4.36.v20210114/jetty-http-9.4.36.v20210114.jar:/home/icborba@sefaz.al.gov.br/.m2/repository/org/eclipse/jetty/jetty-util/9.4.36.v20210114/jetty-util-9.4.36.v20210114.jar:/home/icborba@sefaz.al.gov.br/.m2/repository/org/eclipse/jetty/jetty-io/9.4.36.v20210114/jetty-io-9.4.36.v20210114.jar:/home/icborba@sefaz.al.gov.br/.m2/repository/org/eclipse/jetty/websocket/websocket-common/9.4.36.v20210114/websocket-common-9.4.36.v20210114.jar:/home/icborba@sefaz.al.gov.br/.m2/repository/org/eclipse/jetty/websocket/websocket-api/9.4.36.v20210114/websocket-api-9.4.36.v20210114.jar:/home/icborba@sefaz.al.gov.br/.m2/repository/org/projectlombok/lombok/1.18.20/lombok-1.18.20.jar:/home/icborba@sefaz.al.gov.br/.m2/repository/org/seleniumhq/selenium/htmlunit-driver/2.47.1/htmlunit-driver-2.47.1.jar:/home/icborba@sefaz.al.gov.br/.m2/repository/com/codeborne/phantomjsdriver/1.4.4/phantomjsdriver-1.4.4.jar:/home/icborba@sefaz.al.gov.br/.m2/repository/io/appium/java-client/7.5.1/java-client-7.5.1.jar:/home/icborba@sefaz.al.gov.br/.m2/repository/commons-validator/commons-validator/1.7/commons-validator-1.7.jar:/home/icborba@sefaz.al.gov.br/.m2/repository/commons-digester/commons-digester/2.1/commons-digester-2.1.jar:/home/icborba@sefaz.al.gov.br/.m2/repository/org/aspectj/aspectjweaver/1.9.6/aspectjweaver-1.9.6.jar:/home/icborba@sefaz.al.gov.br/.m2/repository/org/codehaus/groovy/groovy/3.0.9/groovy-3.0.9.jar:/home/icborba@sefaz.al.gov.br/.m2/repository/net/sf/opencsv/opencsv/2.0/opencsv-2.0.jar:/home/icborba@sefaz.al.gov.br/.m2/repository/commons-beanutils/commons-beanutils/1.9.4/commons-beanutils-1.9.4.jar:/home/icborba@sefaz.al.gov.br/.m2/repository/org/apache/commons/commons-lang3/3.11/commons-lang3-3.11.jar:/home/icborba@sefaz.al.gov.br/.m2/repository/commons-collections/commons-collections/3.2.2/commons-collections-3.2.2.jar:/home/icborba@sefaz.al.gov.br/.m2/repository/org/fluentlenium/fluentlenium-core/0.10.2/fluentlenium-core-0.10.2.jar:/home/icborba@sefaz.al.gov.br/.m2/repository/io/github/bonigarcia/webdrivermanager/4.4.1/webdrivermanager-4.4.1.jar:/home/icborba@sefaz.al.gov.br/.m2/repository/org/apache/httpcomponents/client5/httpclient5/5.0.3/httpclient5-5.0.3.jar:/home/icborba@sefaz.al.gov.br/.m2/repository/org/apache/httpcomponents/core5/httpcore5/5.0.2/httpcore5-5.0.2.jar:/home/icborba@sefaz.al.gov.br/.m2/repository/org/apache/httpcomponents/core5/httpcore5-h2/5.0.2/httpcore5-h2-5.0.2.jar:/home/icborba@sefaz.al.gov.br/.m2/repository/org/rauschig/jarchivelib/1.1.0/jarchivelib-1.1.0.jar:/home/icborba@sefaz.al.gov.br/.m2/repository/org/apache/commons/commons-compress/1.20/commons-compress-1.20.jar:/home/icborba@sefaz.al.gov.br/.m2/repository/com/jhlabs/filters/2.0.235/filters-2.0.235.jar:/home/icborba@sefaz.al.gov.br/.m2/repository/com/paulhammant/ngwebdriver/1.1.5/ngwebdriver-1.1.5.jar:/home/icborba@sefaz.al.gov.br/.m2/repository/joda-time/joda-time/2.8.2/joda-time-2.8.2.jar:/home/icborba@sefaz.al.gov.br/.m2/repository/org/hamcrest/hamcrest/2.2/hamcrest-2.2.jar:/home/icborba@sefaz.al.gov.br/.m2/repository/com/google/jimfs/jimfs/1.1/jimfs-1.1.jar:/home/icborba@sefaz.al.gov.br/.m2/repository/org/mockito/mockito-core/3.3.3/mockito-core-3.3.3.jar:/home/icborba@sefaz.al.gov.br/.m2/repository/javax/xml/bind/jaxb-api/2.3.1/jaxb-api-2.3.1.jar:/home/icborba@sefaz.al.gov.br/.m2/repository/javax/activation/javax.activation-api/1.2.0/javax.activation-api-1.2.0.jar:/home/icborba@sefaz.al.gov.br/.m2/repository/com/sun/xml/bind/jaxb-core/2.3.0.1/jaxb-core-2.3.0.1.jar:/home/icborba@sefaz.al.gov.br/.m2/repository/com/sun/xml/bind/jaxb-impl/2.3.3/jaxb-impl-2.3.3.jar:/home/icborba@sefaz.al.gov.br/.m2/repository/jakarta/xml/bind/jakarta.xml.bind-api/2.3.3/jakarta.xml.bind-api-2.3.3.jar:/home/icborba@sefaz.al.gov.br/.m2/repository/com/sun/activation/jakarta.activation/1.2.2/jakarta.activation-1.2.2.jar:/home/icborba@sefaz.al.gov.br/.m2/repository/javax/activation/activation/1.1.1/activation-1.1.1.jar:/home/icborba@sefaz.al.gov.br/.m2/repository/net/serenity-bdd/serenity-jbehave/1.46.0/serenity-jbehave-1.46.0.jar:/home/icborba@sefaz.al.gov.br/.m2/repository/commons-logging/commons-logging/1.2/commons-logging-1.2.jar:/home/icborba@sefaz.al.gov.br/.m2/repository/com/thoughtworks/paranamer/paranamer/2.8/paranamer-2.8.jar:/home/icborba@sefaz.al.gov.br/.m2/repository/org/jbehave/jbehave-core/4.4/jbehave-core-4.4.jar:/home/icborba@sefaz.al.gov.br/.m2/repository/org/hamcrest/hamcrest-core/1.3/hamcrest-core-1.3.jar:/home/icborba@sefaz.al.gov.br/.m2/repository/org/hamcrest/hamcrest-library/1.3/hamcrest-library-1.3.jar:/home/icborba@sefaz.al.gov.br/.m2/repository/org/hamcrest/hamcrest-integration/1.3/hamcrest-integration-1.3.jar:/home/icborba@sefaz.al.gov.br/.m2/repository/org/apache/commons/commons-collections4/4.1/commons-collections4-4.1.jar:/home/icborba@sefaz.al.gov.br/.m2/repository/org/codehaus/plexus/plexus-utils/3.1.0/plexus-utils-3.1.0.jar:/home/icborba@sefaz.al.gov.br/.m2/repository/com/github/valfirst/jbehave-junit-runner/2.2.0/jbehave-junit-runner-2.2.0.jar:/home/icborba@sefaz.al.gov.br/.m2/repository/org/reflections/reflections/0.9.11/reflections-0.9.11.jar:/home/icborba@sefaz.al.gov.br/.m2/repository/org/javassist/javassist/3.21.0-GA/javassist-3.21.0-GA.jar:/home/icborba@sefaz.al.gov.br/.m2/repository/org/codehaus/groovy/groovy-all/2.4.13/groovy-all-2.4.13.jar:/home/icborba@sefaz.al.gov.br/.m2/repository/junit/junit/4.12/junit-4.12.jar:/home/icborba@sefaz.al.gov.br/.m2/repository/net/serenity-bdd/serenity-junit/3.0.5/serenity-junit-3.0.5.jar:/home/icborba@sefaz.al.gov.br/.m2/repository/org/junit/platform/junit-platform-launcher/1.5.2/junit-platform-launcher-1.5.2.jar:/home/icborba@sefaz.al.gov.br/.m2/repository/org/apiguardian/apiguardian-api/1.1.0/apiguardian-api-1.1.0.jar:/home/icborba@sefaz.al.gov.br/.m2/repository/org/junit/platform/junit-platform-engine/1.5.2/junit-platform-engine-1.5.2.jar:/home/icborba@sefaz.al.gov.br/.m2/repository/org/opentest4j/opentest4j/1.2.0/opentest4j-1.2.0.jar:/home/icborba@sefaz.al.gov.br/.m2/repository/org/junit/platform/junit-platform-commons/1.5.2/junit-platform-commons-1.5.2.jar:/home/icborba@sefaz.al.gov.br/.m2/repository/org/junit/jupiter/junit-jupiter-engine/5.5.2/junit-jupiter-engine-5.5.2.jar:/home/icborba@sefaz.al.gov.br/.m2/repository/org/junit/jupiter/junit-jupiter-api/5.5.2/junit-jupiter-api-5.5.2.jar:/home/icborba@sefaz.al.gov.br/.m2/repository/org/junit/vintage/junit-vintage-engine/5.5.2/junit-vintage-engine-5.5.2.jar:/home/icborba@sefaz.al.gov.br/.m2/repository/org/assertj/assertj-core/3.8.0/assertj-core-3.8.0.jar:/home/icborba@sefaz.al.gov.br/.m2/repository/org/hamcrest/hamcrest-all/1.3/hamcrest-all-1.3.jar:/home/icborba@sefaz.al.gov.br/.m2/repository/org/spockframework/spock-core/2.0-M4-groovy-3.0/spock-core-2.0-M4-groovy-3.0.jar:/home/icborba@sefaz.al.gov.br/.m2/repository/org/codehaus/groovy/groovy-ant/3.0.6/groovy-ant-3.0.6.jar:/home/icborba@sefaz.al.gov.br/.m2/repository/org/apache/ant/ant/1.10.8/ant-1.10.8.jar:/home/icborba@sefaz.al.gov.br/.m2/repository/org/apache/ant/ant-junit/1.10.8/ant-junit-1.10.8.jar:/home/icborba@sefaz.al.gov.br/.m2/repository/org/apache/ant/ant-launcher/1.10.8/ant-launcher-1.10.8.jar:/home/icborba@sefaz.al.gov.br/.m2/repository/org/apache/ant/ant-antlr/1.10.8/ant-antlr-1.10.8.jar:/home/icborba@sefaz.al.gov.br/.m2/repository/org/codehaus/groovy/groovy-astbuilder/3.0.6/groovy-astbuilder-3.0.6.jar:/home/icborba@sefaz.al.gov.br/.m2/repository/org/codehaus/groovy/groovy-cli-picocli/3.0.6/groovy-cli-picocli-3.0.6.jar:/home/icborba@sefaz.al.gov.br/.m2/repository/info/picocli/picocli/4.5.1/picocli-4.5.1.jar:/home/icborba@sefaz.al.gov.br/.m2/repository/org/codehaus/groovy/groovy-console/3.0.6/groovy-console-3.0.6.jar:/home/icborba@sefaz.al.gov.br/.m2/repository/org/codehaus/groovy/groovy-datetime/3.0.6/groovy-datetime-3.0.6.jar:/home/icborba@sefaz.al.gov.br/.m2/repository/org/codehaus/groovy/groovy-docgenerator/3.0.6/groovy-docgenerator-3.0.6.jar:/home/icborba@sefaz.al.gov.br/.m2/repository/com/thoughtworks/qdox/qdox/1.12.1/qdox-1.12.1.jar:/home/icborba@sefaz.al.gov.br/.m2/repository/org/codehaus/groovy/groovy-groovydoc/3.0.6/groovy-groovydoc-3.0.6.jar:/home/icborba@sefaz.al.gov.br/.m2/repository/com/github/javaparser/javaparser-core/3.16.1/javaparser-core-3.16.1.jar:/home/icborba@sefaz.al.gov.br/.m2/repository/org/codehaus/groovy/groovy-groovysh/3.0.6/groovy-groovysh-3.0.6.jar:/home/icborba@sefaz.al.gov.br/.m2/repository/jline/jline/2.14.6/jline-2.14.6.jar:/home/icborba@sefaz.al.gov.br/.m2/repository/org/codehaus/groovy/groovy-jmx/3.0.6/groovy-jmx-3.0.6.jar:/home/icborba@sefaz.al.gov.br/.m2/repository/org/codehaus/groovy/groovy-json/3.0.6/groovy-json-3.0.6.jar:/home/icborba@sefaz.al.gov.br/.m2/repository/org/codehaus/groovy/groovy-jsr223/3.0.6/groovy-jsr223-3.0.6.jar:/home/icborba@sefaz.al.gov.br/.m2/repository/org/codehaus/groovy/groovy-macro/3.0.6/groovy-macro-3.0.6.jar:/home/icborba@sefaz.al.gov.br/.m2/repository/org/codehaus/groovy/groovy-nio/3.0.6/groovy-nio-3.0.6.jar:/home/icborba@sefaz.al.gov.br/.m2/repository/org/codehaus/groovy/groovy-servlet/3.0.6/groovy-servlet-3.0.6.jar:/home/icborba@sefaz.al.gov.br/.m2/repository/org/codehaus/groovy/groovy-sql/3.0.6/groovy-sql-3.0.6.jar:/home/icborba@sefaz.al.gov.br/.m2/repository/org/codehaus/groovy/groovy-swing/3.0.6/groovy-swing-3.0.6.jar:/home/icborba@sefaz.al.gov.br/.m2/repository/org/codehaus/groovy/groovy-templates/3.0.6/groovy-templates-3.0.6.jar:/home/icborba@sefaz.al.gov.br/.m2/repository/org/codehaus/groovy/groovy-test/3.0.6/groovy-test-3.0.6.jar:/home/icborba@sefaz.al.gov.br/.m2/repository/org/codehaus/groovy/groovy-test-junit5/3.0.6/groovy-test-junit5-3.0.6.jar:/home/icborba@sefaz.al.gov.br/.m2/repository/org/codehaus/groovy/groovy-testng/3.0.6/groovy-testng-3.0.6.jar:/home/icborba@sefaz.al.gov.br/.m2/repository/org/testng/testng/7.3.0/testng-7.3.0.jar:/home/icborba@sefaz.al.gov.br/.m2/repository/org/codehaus/groovy/groovy-xml/3.0.6/groovy-xml-3.0.6.jar:/home/icborba@sefaz.al.gov.br/.m2/repository/net/bytebuddy/byte-buddy/1.10.13/byte-buddy-1.10.13.jar:/home/icborba@sefaz.al.gov.br/.m2/repository/com/athaydes/spock-reports/2.0-RC2/spock-reports-2.0-RC2.jar:/home/icborba@sefaz.al.gov.br/.m2/repository/org/slf4j/slf4j-api/1.7.30/slf4j-api-1.7.30.jar:/home/icborba@sefaz.al.gov.br/.m2/repository/org/slf4j/slf4j-simple/1.7.30/slf4j-simple-1.7.30.jar:/home/icborba@sefaz.al.gov.br/.m2/repository/com/google/collections/google-collections/1.0/google-collections-1.0.jar:"/>
    <property name="java.vm.vendor" value="Amazon.com Inc."/>
    <property name="sun.arch.data.model" value="64"/>
    <property name="java.vendor.url" value="https://aws.amazon.com/corretto/"/>
    <property name="user.timezone" value="America/Maceio"/>
    <property name="java.vm.specification.version" value="11"/>
    <property name="os.name" value="Linux"/>
    <property name="sun.java.launcher" value="SUN_STANDARD"/>
    <property name="user.country" value="BR"/>
    <property name="sun.boot.library.path" value="/home/icborba@sefaz.al.gov.br/.jdks/corretto-11.0.26/lib"/>
    <property name="sun.java.command" value="/home/icborba@sefaz.al.gov.br/bdd-in-action/Chapter-2/Train-Timetables/target/surefire/surefirebooter8376740018947542775.jar /home/icborba@sefaz.al.gov.br/bdd-in-action/Chapter-2/Train-Timetables/target/surefire 2025-01-31T09-59-03_968-jvmRun1 surefire7448859193101754242tmp surefire_016745153556347633309tmp"/>
    <property name="jdk.debug" value="release"/>
    <property name="surefire.test.class.path" value="/home/icborba@sefaz.al.gov.br/bdd-in-action/Chapter-2/Train-Timetables/target/test-classes:/home/icborba@sefaz.al.gov.br/bdd-in-action/Chapter-2/Train-Timetables/target/classes:/home/icborba@sefaz.al.gov.br/.m2/repository/net/serenity-bdd/serenity-core/3.0.5/serenity-core-3.0.5.jar:/home/icborba@sefaz.al.gov.br/.m2/repository/net/serenity-bdd/serenity-model/3.0.5/serenity-model-3.0.5.jar:/home/icborba@sefaz.al.gov.br/.m2/repository/org/apache/commons/commons-text/1.9/commons-text-1.9.jar:/home/icborba@sefaz.al.gov.br/.m2/repository/commons-net/commons-net/3.6/commons-net-3.6.jar:/home/icborba@sefaz.al.gov.br/.m2/repository/com/google/guava/guava/31.0.1-jre/guava-31.0.1-jre.jar:/home/icborba@sefaz.al.gov.br/.m2/repository/com/google/guava/failureaccess/1.0.1/failureaccess-1.0.1.jar:/home/icborba@sefaz.al.gov.br/.m2/repository/com/google/guava/listenablefuture/9999.0-empty-to-avoid-conflict-with-guava/listenablefuture-9999.0-empty-to-avoid-conflict-with-guava.jar:/home/icborba@sefaz.al.gov.br/.m2/repository/com/google/code/findbugs/jsr305/3.0.2/jsr305-3.0.2.jar:/home/icborba@sefaz.al.gov.br/.m2/repository/org/checkerframework/checker-qual/3.12.0/checker-qual-3.12.0.jar:/home/icborba@sefaz.al.gov.br/.m2/repository/com/google/errorprone/error_prone_annotations/2.7.1/error_prone_annotations-2.7.1.jar:/home/icborba@sefaz.al.gov.br/.m2/repository/com/google/j2objc/j2objc-annotations/1.3/j2objc-annotations-1.3.jar:/home/icborba@sefaz.al.gov.br/.m2/repository/com/google/inject/guice/5.0.1/guice-5.0.1.jar:/home/icborba@sefaz.al.gov.br/.m2/repository/javax/inject/javax.inject/1/javax.inject-1.jar:/home/icborba@sefaz.al.gov.br/.m2/repository/aopalliance/aopalliance/1.0/aopalliance-1.0.jar:/home/icborba@sefaz.al.gov.br/.m2/repository/org/jsoup/jsoup/1.13.1/jsoup-1.13.1.jar:/home/icborba@sefaz.al.gov.br/.m2/repository/com/thoughtworks/xstream/xstream/1.4.18/xstream-1.4.18.jar:/home/icborba@sefaz.al.gov.br/.m2/repository/io/github/x-stream/mxparser/1.2.2/mxparser-1.2.2.jar:/home/icborba@sefaz.al.gov.br/.m2/repository/xmlpull/xmlpull/1.1.3.1/xmlpull-1.1.3.1.jar:/home/icborba@sefaz.al.gov.br/.m2/repository/io/cucumber/cucumber-core/6.11.0/cucumber-core-6.11.0.jar:/home/icborba@sefaz.al.gov.br/.m2/repository/io/cucumber/cucumber-gherkin/6.11.0/cucumber-gherkin-6.11.0.jar:/home/icborba@sefaz.al.gov.br/.m2/repository/io/cucumber/cucumber-gherkin-messages/6.11.0/cucumber-gherkin-messages-6.11.0.jar:/home/icborba@sefaz.al.gov.br/.m2/repository/io/cucumber/messages/15.0.0/messages-15.0.0.jar:/home/icborba@sefaz.al.gov.br/.m2/repository/io/cucumber/tag-expressions/3.0.1/tag-expressions-3.0.1.jar:/home/icborba@sefaz.al.gov.br/.m2/repository/io/cucumber/cucumber-expressions/10.3.0/cucumber-expressions-10.3.0.jar:/home/icborba@sefaz.al.gov.br/.m2/repository/io/cucumber/datatable/3.5.0/datatable-3.5.0.jar:/home/icborba@sefaz.al.gov.br/.m2/repository/io/cucumber/cucumber-plugin/6.11.0/cucumber-plugin-6.11.0.jar:/home/icborba@sefaz.al.gov.br/.m2/repository/io/cucumber/docstring/6.11.0/docstring-6.11.0.jar:/home/icborba@sefaz.al.gov.br/.m2/repository/io/cucumber/html-formatter/13.0.0/html-formatter-13.0.0.jar:/home/icborba@sefaz.al.gov.br/.m2/repository/io/cucumber/create-meta/4.0.0/create-meta-4.0.0.jar:/home/icborba@sefaz.al.gov.br/.m2/repository/io/cucumber/cucumber-java/6.11.0/cucumber-java-6.11.0.jar:/home/icborba@sefaz.al.gov.br/.m2/repository/com/typesafe/config/1.3.1/config-1.3.1.jar:/home/icborba@sefaz.al.gov.br/.m2/repository/org/imgscalr/imgscalr-lib/4.2/imgscalr-lib-4.2.jar:/home/icborba@sefaz.al.gov.br/.m2/repository/org/awaitility/awaitility/4.1.0/awaitility-4.1.0.jar:/home/icborba@sefaz.al.gov.br/.m2/repository/org/freemarker/freemarker/2.3.31/freemarker-2.3.31.jar:/home/icborba@sefaz.al.gov.br/.m2/repository/net/sourceforge/jexcelapi/jxl/2.6.12/jxl-2.6.12.jar:/home/icborba@sefaz.al.gov.br/.m2/repository/org/asciidoctor/asciidoctorj/2.5.1/asciidoctorj-2.5.1.jar:/home/icborba@sefaz.al.gov.br/.m2/repository/org/asciidoctor/asciidoctorj-api/2.5.1/asciidoctorj-api-2.5.1.jar:/home/icborba@sefaz.al.gov.br/.m2/repository/org/jruby/jruby/9.2.17.0/jruby-9.2.17.0.jar:/home/icborba@sefaz.al.gov.br/.m2/repository/org/jruby/jruby-core/9.2.17.0/jruby-core-9.2.17.0.jar:/home/icborba@sefaz.al.gov.br/.m2/repository/com/github/jnr/jnr-netdb/1.2.0/jnr-netdb-1.2.0.jar:/home/icborba@sefaz.al.gov.br/.m2/repository/com/github/jnr/jnr-enxio/0.32.3/jnr-enxio-0.32.3.jar:/home/icborba@sefaz.al.gov.br/.m2/repository/com/github/jnr/jnr-unixsocket/0.38.5/jnr-unixsocket-0.38.5.jar:/home/icborba@sefaz.al.gov.br/.m2/repository/com/github/jnr/jnr-posix/3.1.4/jnr-posix-3.1.4.jar:/home/icborba@sefaz.al.gov.br/.m2/repository/com/github/jnr/jnr-constants/0.10.1/jnr-constants-0.10.1.jar:/home/icborba@sefaz.al.gov.br/.m2/repository/com/github/jnr/jffi/1.3.1/jffi-1.3.1.jar:/home/icborba@sefaz.al.gov.br/.m2/repository/com/github/jnr/jffi/1.3.1/jffi-1.3.1-native.jar:/home/icborba@sefaz.al.gov.br/.m2/repository/org/jruby/joni/joni/2.1.31/joni-2.1.31.jar:/home/icborba@sefaz.al.gov.br/.m2/repository/org/jruby/jcodings/jcodings/1.0.46/jcodings-1.0.46.jar:/home/icborba@sefaz.al.gov.br/.m2/repository/org/jruby/dirgra/0.3/dirgra-0.3.jar:/home/icborba@sefaz.al.gov.br/.m2/repository/com/headius/invokebinder/1.11/invokebinder-1.11.jar:/home/icborba@sefaz.al.gov.br/.m2/repository/com/headius/options/1.4/options-1.4.jar:/home/icborba@sefaz.al.gov.br/.m2/repository/com/jcraft/jzlib/1.1.3/jzlib-1.1.3.jar:/home/icborba@sefaz.al.gov.br/.m2/repository/com/martiansoftware/nailgun-server/0.9.1/nailgun-server-0.9.1.jar:/home/icborba@sefaz.al.gov.br/.m2/repository/com/headius/backport9/1.8/backport9-1.8.jar:/home/icborba@sefaz.al.gov.br/.m2/repository/javax/annotation/javax.annotation-api/1.3.1/javax.annotation-api-1.3.1.jar:/home/icborba@sefaz.al.gov.br/.m2/repository/org/jruby/jruby-stdlib/9.2.17.0/jruby-stdlib-9.2.17.0.jar:/home/icborba@sefaz.al.gov.br/.m2/repository/net/bytebuddy/byte-buddy-agent/1.11.22/byte-buddy-agent-1.11.22.jar:/home/icborba@sefaz.al.gov.br/.m2/repository/org/objenesis/objenesis/3.1/objenesis-3.1.jar:/home/icborba@sefaz.al.gov.br/.m2/repository/net/serenity-bdd/serenity-reports/3.0.5/serenity-reports-3.0.5.jar:/home/icborba@sefaz.al.gov.br/.m2/repository/net/serenity-bdd/serenity-stats/3.0.5/serenity-stats-3.0.5.jar:/home/icborba@sefaz.al.gov.br/.m2/repository/org/jetbrains/kotlin/kotlin-stdlib/1.5.31/kotlin-stdlib-1.5.31.jar:/home/icborba@sefaz.al.gov.br/.m2/repository/org/jetbrains/annotations/13.0/annotations-13.0.jar:/home/icborba@sefaz.al.gov.br/.m2/repository/org/jetbrains/kotlin/kotlin-stdlib-common/1.5.31/kotlin-stdlib-common-1.5.31.jar:/home/icborba@sefaz.al.gov.br/.m2/repository/net/serenity-bdd/serenity-reports-configuration/3.0.5/serenity-reports-configuration-3.0.5.jar:/home/icborba@sefaz.al.gov.br/.m2/repository/com/vladsch/flexmark/flexmark-all/0.34.30/flexmark-all-0.34.30.jar:/home/icborba@sefaz.al.gov.br/.m2/repository/com/vladsch/flexmark/flexmark/0.34.30/flexmark-0.34.30.jar:/home/icborba@sefaz.al.gov.br/.m2/repository/com/vladsch/flexmark/flexmark-ext-abbreviation/0.34.30/flexmark-ext-abbreviation-0.34.30.jar:/home/icborba@sefaz.al.gov.br/.m2/repository/com/vladsch/flexmark/flexmark-ext-admonition/0.34.30/flexmark-ext-admonition-0.34.30.jar:/home/icborba@sefaz.al.gov.br/.m2/repository/com/vladsch/flexmark/flexmark-ext-anchorlink/0.34.30/flexmark-ext-anchorlink-0.34.30.jar:/home/icborba@sefaz.al.gov.br/.m2/repository/com/vladsch/flexmark/flexmark-ext-aside/0.34.30/flexmark-ext-aside-0.34.30.jar:/home/icborba@sefaz.al.gov.br/.m2/repository/com/vladsch/flexmark/flexmark-ext-attributes/0.34.30/flexmark-ext-attributes-0.34.30.jar:/home/icborba@sefaz.al.gov.br/.m2/repository/com/vladsch/flexmark/flexmark-ext-autolink/0.34.30/flexmark-ext-autolink-0.34.30.jar:/home/icborba@sefaz.al.gov.br/.m2/repository/org/nibor/autolink/autolink/0.6.0/autolink-0.6.0.jar:/home/icborba@sefaz.al.gov.br/.m2/repository/com/vladsch/flexmark/flexmark-ext-definition/0.34.30/flexmark-ext-definition-0.34.30.jar:/home/icborba@sefaz.al.gov.br/.m2/repository/com/vladsch/flexmark/flexmark-ext-emoji/0.34.30/flexmark-ext-emoji-0.34.30.jar:/home/icborba@sefaz.al.gov.br/.m2/repository/com/vladsch/flexmark/flexmark-ext-enumerated-reference/0.34.30/flexmark-ext-enumerated-reference-0.34.30.jar:/home/icborba@sefaz.al.gov.br/.m2/repository/com/vladsch/flexmark/flexmark-ext-escaped-character/0.34.30/flexmark-ext-escaped-character-0.34.30.jar:/home/icborba@sefaz.al.gov.br/.m2/repository/com/vladsch/flexmark/flexmark-ext-footnotes/0.34.30/flexmark-ext-footnotes-0.34.30.jar:/home/icborba@sefaz.al.gov.br/.m2/repository/com/vladsch/flexmark/flexmark-ext-gfm-issues/0.34.30/flexmark-ext-gfm-issues-0.34.30.jar:/home/icborba@sefaz.al.gov.br/.m2/repository/com/vladsch/flexmark/flexmark-ext-gfm-strikethrough/0.34.30/flexmark-ext-gfm-strikethrough-0.34.30.jar:/home/icborba@sefaz.al.gov.br/.m2/repository/com/vladsch/flexmark/flexmark-ext-gfm-tables/0.34.30/flexmark-ext-gfm-tables-0.34.30.jar:/home/icborba@sefaz.al.gov.br/.m2/repository/com/vladsch/flexmark/flexmark-ext-gfm-tasklist/0.34.30/flexmark-ext-gfm-tasklist-0.34.30.jar:/home/icborba@sefaz.al.gov.br/.m2/repository/com/vladsch/flexmark/flexmark-ext-gfm-users/0.34.30/flexmark-ext-gfm-users-0.34.30.jar:/home/icborba@sefaz.al.gov.br/.m2/repository/com/vladsch/flexmark/flexmark-ext-gitlab/0.34.30/flexmark-ext-gitlab-0.34.30.jar:/home/icborba@sefaz.al.gov.br/.m2/repository/com/vladsch/flexmark/flexmark-ext-jekyll-front-matter/0.34.30/flexmark-ext-jekyll-front-matter-0.34.30.jar:/home/icborba@sefaz.al.gov.br/.m2/repository/com/vladsch/flexmark/flexmark-ext-jekyll-tag/0.34.30/flexmark-ext-jekyll-tag-0.34.30.jar:/home/icborba@sefaz.al.gov.br/.m2/repository/com/vladsch/flexmark/flexmark-ext-media-tags/0.34.30/flexmark-ext-media-tags-0.34.30.jar:/home/icborba@sefaz.al.gov.br/.m2/repository/com/vladsch/flexmark/flexmark-test-util/0.34.30/flexmark-test-util-0.34.30.jar:/home/icborba@sefaz.al.gov.br/.m2/repository/com/vladsch/flexmark/flexmark-ext-ins/0.34.30/flexmark-ext-ins-0.34.30.jar:/home/icborba@sefaz.al.gov.br/.m2/repository/com/vladsch/flexmark/flexmark-ext-xwiki-macros/0.34.30/flexmark-ext-xwiki-macros-0.34.30.jar:/home/icborba@sefaz.al.gov.br/.m2/repository/com/vladsch/flexmark/flexmark-ext-superscript/0.34.30/flexmark-ext-superscript-0.34.30.jar:/home/icborba@sefaz.al.gov.br/.m2/repository/com/vladsch/flexmark/flexmark-ext-tables/0.34.30/flexmark-ext-tables-0.34.30.jar:/home/icborba@sefaz.al.gov.br/.m2/repository/com/vladsch/flexmark/flexmark-ext-toc/0.34.30/flexmark-ext-toc-0.34.30.jar:/home/icborba@sefaz.al.gov.br/.m2/repository/com/vladsch/flexmark/flexmark-ext-typographic/0.34.30/flexmark-ext-typographic-0.34.30.jar:/home/icborba@sefaz.al.gov.br/.m2/repository/com/vladsch/flexmark/flexmark-ext-wikilink/0.34.30/flexmark-ext-wikilink-0.34.30.jar:/home/icborba@sefaz.al.gov.br/.m2/repository/com/vladsch/flexmark/flexmark-ext-yaml-front-matter/0.34.30/flexmark-ext-yaml-front-matter-0.34.30.jar:/home/icborba@sefaz.al.gov.br/.m2/repository/com/vladsch/flexmark/flexmark-ext-youtube-embedded/0.34.30/flexmark-ext-youtube-embedded-0.34.30.jar:/home/icborba@sefaz.al.gov.br/.m2/repository/com/vladsch/flexmark/flexmark-formatter/0.34.30/flexmark-formatter-0.34.30.jar:/home/icborba@sefaz.al.gov.br/.m2/repository/com/vladsch/flexmark/flexmark-html-parser/0.34.30/flexmark-html-parser-0.34.30.jar:/home/icborba@sefaz.al.gov.br/.m2/repository/com/vladsch/flexmark/flexmark-jira-converter/0.34.30/flexmark-jira-converter-0.34.30.jar:/home/icborba@sefaz.al.gov.br/.m2/repository/com/vladsch/flexmark/flexmark-pdf-converter/0.34.30/flexmark-pdf-converter-0.34.30.jar:/home/icborba@sefaz.al.gov.br/.m2/repository/com/openhtmltopdf/openhtmltopdf-core/0.0.1-RC13/openhtmltopdf-core-0.0.1-RC13.jar:/home/icborba@sefaz.al.gov.br/.m2/repository/com/openhtmltopdf/openhtmltopdf-pdfbox/0.0.1-RC13/openhtmltopdf-pdfbox-0.0.1-RC13.jar:/home/icborba@sefaz.al.gov.br/.m2/repository/org/apache/pdfbox/pdfbox/2.0.8/pdfbox-2.0.8.jar:/home/icborba@sefaz.al.gov.br/.m2/repository/org/apache/pdfbox/fontbox/2.0.8/fontbox-2.0.8.jar:/home/icborba@sefaz.al.gov.br/.m2/repository/org/apache/pdfbox/xmpbox/2.0.8/xmpbox-2.0.8.jar:/home/icborba@sefaz.al.gov.br/.m2/repository/de/rototor/pdfbox/graphics2d/0.12/graphics2d-0.12.jar:/home/icborba@sefaz.al.gov.br/.m2/repository/com/openhtmltopdf/openhtmltopdf-rtl-support/0.0.1-RC13/openhtmltopdf-rtl-support-0.0.1-RC13.jar:/home/icborba@sefaz.al.gov.br/.m2/repository/com/ibm/icu/icu4j/59.1/icu4j-59.1.jar:/home/icborba@sefaz.al.gov.br/.m2/repository/com/openhtmltopdf/openhtmltopdf-jsoup-dom-converter/0.0.1-RC13/openhtmltopdf-jsoup-dom-converter-0.0.1-RC13.jar:/home/icborba@sefaz.al.gov.br/.m2/repository/com/vladsch/flexmark/flexmark-profile-pegdown/0.34.30/flexmark-profile-pegdown-0.34.30.jar:/home/icborba@sefaz.al.gov.br/.m2/repository/com/vladsch/flexmark/flexmark-util/0.34.30/flexmark-util-0.34.30.jar:/home/icborba@sefaz.al.gov.br/.m2/repository/com/vladsch/flexmark/flexmark-youtrack-converter/0.34.30/flexmark-youtrack-converter-0.34.30.jar:/home/icborba@sefaz.al.gov.br/.m2/repository/es/nitaur/markdown/txtmark/0.16/txtmark-0.16.jar:/home/icborba@sefaz.al.gov.br/.m2/repository/net/serenity-bdd/serenity-report-resources/3.0.5/serenity-report-resources-3.0.5.jar:/home/icborba@sefaz.al.gov.br/.m2/repository/com/google/code/gson/gson/2.8.8/gson-2.8.8.jar:/home/icborba@sefaz.al.gov.br/.m2/repository/com/fasterxml/jackson/core/jackson-core/2.12.4/jackson-core-2.12.4.jar:/home/icborba@sefaz.al.gov.br/.m2/repository/com/fasterxml/jackson/core/jackson-databind/2.12.4/jackson-databind-2.12.4.jar:/home/icborba@sefaz.al.gov.br/.m2/repository/com/fasterxml/jackson/core/jackson-annotations/2.12.4/jackson-annotations-2.12.4.jar:/home/icborba@sefaz.al.gov.br/.m2/repository/commons-codec/commons-codec/1.15/commons-codec-1.15.jar:/home/icborba@sefaz.al.gov.br/.m2/repository/commons-io/commons-io/2.8.0/commons-io-2.8.0.jar:/home/icborba@sefaz.al.gov.br/.m2/repository/org/seleniumhq/selenium/selenium-server/3.141.59/selenium-server-3.141.59.jar:/home/icborba@sefaz.al.gov.br/.m2/repository/org/seleniumhq/selenium/selenium-opera-driver/3.141.59/selenium-opera-driver-3.141.59.jar:/home/icborba@sefaz.al.gov.br/.m2/repository/org/seleniumhq/selenium/selenium-remote-driver/3.141.59/selenium-remote-driver-3.141.59.jar:/home/icborba@sefaz.al.gov.br/.m2/repository/org/seleniumhq/selenium/selenium-safari-driver/3.141.59/selenium-safari-driver-3.141.59.jar:/home/icborba@sefaz.al.gov.br/.m2/repository/com/beust/jcommander/1.72/jcommander-1.72.jar:/home/icborba@sefaz.al.gov.br/.m2/repository/org/apache/commons/commons-exec/1.3/commons-exec-1.3.jar:/home/icborba@sefaz.al.gov.br/.m2/repository/net/jcip/jcip-annotations/1.0/jcip-annotations-1.0.jar:/home/icborba@sefaz.al.gov.br/.m2/repository/org/seleniumhq/selenium/jetty-repacked/9.4.12.v20180830/jetty-repacked-9.4.12.v20180830.jar:/home/icborba@sefaz.al.gov.br/.m2/repository/com/squareup/okhttp3/okhttp/3.11.0/okhttp-3.11.0.jar:/home/icborba@sefaz.al.gov.br/.m2/repository/com/squareup/okio/okio/1.14.0/okio-1.14.0.jar:/home/icborba@sefaz.al.gov.br/.m2/repository/javax/servlet/javax.servlet-api/3.1.0/javax.servlet-api-3.1.0.jar:/home/icborba@sefaz.al.gov.br/.m2/repository/org/yaml/snakeyaml/1.19/snakeyaml-1.19.jar:/home/icborba@sefaz.al.gov.br/.m2/repository/org/seleniumhq/selenium/selenium-java/3.141.59/selenium-java-3.141.59.jar:/home/icborba@sefaz.al.gov.br/.m2/repository/org/seleniumhq/selenium/selenium-api/3.141.59/selenium-api-3.141.59.jar:/home/icborba@sefaz.al.gov.br/.m2/repository/org/seleniumhq/selenium/selenium-support/3.141.59/selenium-support-3.141.59.jar:/home/icborba@sefaz.al.gov.br/.m2/repository/org/seleniumhq/selenium/selenium-chrome-driver/3.141.59/selenium-chrome-driver-3.141.59.jar:/home/icborba@sefaz.al.gov.br/.m2/repository/org/seleniumhq/selenium/selenium-firefox-driver/3.141.59/selenium-firefox-driver-3.141.59.jar:/home/icborba@sefaz.al.gov.br/.m2/repository/org/seleniumhq/selenium/selenium-edge-driver/3.141.59/selenium-edge-driver-3.141.59.jar:/home/icborba@sefaz.al.gov.br/.m2/repository/org/seleniumhq/selenium/selenium-ie-driver/3.141.59/selenium-ie-driver-3.141.59.jar:/home/icborba@sefaz.al.gov.br/.m2/repository/net/sourceforge/htmlunit/htmlunit/2.47.1/htmlunit-2.47.1.jar:/home/icborba@sefaz.al.gov.br/.m2/repository/xalan/xalan/2.7.2/xalan-2.7.2.jar:/home/icborba@sefaz.al.gov.br/.m2/repository/xalan/serializer/2.7.2/serializer-2.7.2.jar:/home/icborba@sefaz.al.gov.br/.m2/repository/org/apache/httpcomponents/httpmime/4.5.13/httpmime-4.5.13.jar:/home/icborba@sefaz.al.gov.br/.m2/repository/org/apache/httpcomponents/httpclient/4.5.13/httpclient-4.5.13.jar:/home/icborba@sefaz.al.gov.br/.m2/repository/org/apache/httpcomponents/httpcore/4.4.13/httpcore-4.4.13.jar:/home/icborba@sefaz.al.gov.br/.m2/repository/net/sourceforge/htmlunit/htmlunit-core-js/2.47.0/htmlunit-core-js-2.47.0.jar:/home/icborba@sefaz.al.gov.br/.m2/repository/net/sourceforge/htmlunit/neko-htmlunit/2.47.1/neko-htmlunit-2.47.1.jar:/home/icborba@sefaz.al.gov.br/.m2/repository/xerces/xercesImpl/2.12.0/xercesImpl-2.12.0.jar:/home/icborba@sefaz.al.gov.br/.m2/repository/xml-apis/xml-apis/1.4.01/xml-apis-1.4.01.jar:/home/icborba@sefaz.al.gov.br/.m2/repository/net/sourceforge/htmlunit/htmlunit-cssparser/1.7.0/htmlunit-cssparser-1.7.0.jar:/home/icborba@sefaz.al.gov.br/.m2/repository/org/brotli/dec/0.1.2/dec-0.1.2.jar:/home/icborba@sefaz.al.gov.br/.m2/repository/com/shapesecurity/salvation2/3.0.0/salvation2-3.0.0.jar:/home/icborba@sefaz.al.gov.br/.m2/repository/org/eclipse/jetty/websocket/websocket-client/9.4.36.v20210114/websocket-client-9.4.36.v20210114.jar:/home/icborba@sefaz.al.gov.br/.m2/repository/org/eclipse/jetty/jetty-client/9.4.36.v20210114/jetty-client-9.4.36.v20210114.jar:/home/icborba@sefaz.al.gov.br/.m2/repository/org/eclipse/jetty/jetty-http/9.4.36.v20210114/jetty-http-9.4.36.v20210114.jar:/home/icborba@sefaz.al.gov.br/.m2/repository/org/eclipse/jetty/jetty-util/9.4.36.v20210114/jetty-util-9.4.36.v20210114.jar:/home/icborba@sefaz.al.gov.br/.m2/repository/org/eclipse/jetty/jetty-io/9.4.36.v20210114/jetty-io-9.4.36.v20210114.jar:/home/icborba@sefaz.al.gov.br/.m2/repository/org/eclipse/jetty/websocket/websocket-common/9.4.36.v20210114/websocket-common-9.4.36.v20210114.jar:/home/icborba@sefaz.al.gov.br/.m2/repository/org/eclipse/jetty/websocket/websocket-api/9.4.36.v20210114/websocket-api-9.4.36.v20210114.jar:/home/icborba@sefaz.al.gov.br/.m2/repository/org/projectlombok/lombok/1.18.20/lombok-1.18.20.jar:/home/icborba@sefaz.al.gov.br/.m2/repository/org/seleniumhq/selenium/htmlunit-driver/2.47.1/htmlunit-driver-2.47.1.jar:/home/icborba@sefaz.al.gov.br/.m2/repository/com/codeborne/phantomjsdriver/1.4.4/phantomjsdriver-1.4.4.jar:/home/icborba@sefaz.al.gov.br/.m2/repository/io/appium/java-client/7.5.1/java-client-7.5.1.jar:/home/icborba@sefaz.al.gov.br/.m2/repository/commons-validator/commons-validator/1.7/commons-validator-1.7.jar:/home/icborba@sefaz.al.gov.br/.m2/repository/commons-digester/commons-digester/2.1/commons-digester-2.1.jar:/home/icborba@sefaz.al.gov.br/.m2/repository/org/aspectj/aspectjweaver/1.9.6/aspectjweaver-1.9.6.jar:/home/icborba@sefaz.al.gov.br/.m2/repository/org/codehaus/groovy/groovy/3.0.9/groovy-3.0.9.jar:/home/icborba@sefaz.al.gov.br/.m2/repository/net/sf/opencsv/opencsv/2.0/opencsv-2.0.jar:/home/icborba@sefaz.al.gov.br/.m2/repository/commons-beanutils/commons-beanutils/1.9.4/commons-beanutils-1.9.4.jar:/home/icborba@sefaz.al.gov.br/.m2/repository/org/apache/commons/commons-lang3/3.11/commons-lang3-3.11.jar:/home/icborba@sefaz.al.gov.br/.m2/repository/commons-collections/commons-collections/3.2.2/commons-collections-3.2.2.jar:/home/icborba@sefaz.al.gov.br/.m2/repository/org/fluentlenium/fluentlenium-core/0.10.2/fluentlenium-core-0.10.2.jar:/home/icborba@sefaz.al.gov.br/.m2/repository/io/github/bonigarcia/webdrivermanager/4.4.1/webdrivermanager-4.4.1.jar:/home/icborba@sefaz.al.gov.br/.m2/repository/org/apache/httpcomponents/client5/httpclient5/5.0.3/httpclient5-5.0.3.jar:/home/icborba@sefaz.al.gov.br/.m2/repository/org/apache/httpcomponents/core5/httpcore5/5.0.2/httpcore5-5.0.2.jar:/home/icborba@sefaz.al.gov.br/.m2/repository/org/apache/httpcomponents/core5/httpcore5-h2/5.0.2/httpcore5-h2-5.0.2.jar:/home/icborba@sefaz.al.gov.br/.m2/repository/org/rauschig/jarchivelib/1.1.0/jarchivelib-1.1.0.jar:/home/icborba@sefaz.al.gov.br/.m2/repository/org/apache/commons/commons-compress/1.20/commons-compress-1.20.jar:/home/icborba@sefaz.al.gov.br/.m2/repository/com/jhlabs/filters/2.0.235/filters-2.0.235.jar:/home/icborba@sefaz.al.gov.br/.m2/repository/com/paulhammant/ngwebdriver/1.1.5/ngwebdriver-1.1.5.jar:/home/icborba@sefaz.al.gov.br/.m2/repository/joda-time/joda-time/2.8.2/joda-time-2.8.2.jar:/home/icborba@sefaz.al.gov.br/.m2/repository/org/hamcrest/hamcrest/2.2/hamcrest-2.2.jar:/home/icborba@sefaz.al.gov.br/.m2/repository/com/google/jimfs/jimfs/1.1/jimfs-1.1.jar:/home/icborba@sefaz.al.gov.br/.m2/repository/org/mockito/mockito-core/3.3.3/mockito-core-3.3.3.jar:/home/icborba@sefaz.al.gov.br/.m2/repository/javax/xml/bind/jaxb-api/2.3.1/jaxb-api-2.3.1.jar:/home/icborba@sefaz.al.gov.br/.m2/repository/javax/activation/javax.activation-api/1.2.0/javax.activation-api-1.2.0.jar:/home/icborba@sefaz.al.gov.br/.m2/repository/com/sun/xml/bind/jaxb-core/2.3.0.1/jaxb-core-2.3.0.1.jar:/home/icborba@sefaz.al.gov.br/.m2/repository/com/sun/xml/bind/jaxb-impl/2.3.3/jaxb-impl-2.3.3.jar:/home/icborba@sefaz.al.gov.br/.m2/repository/jakarta/xml/bind/jakarta.xml.bind-api/2.3.3/jakarta.xml.bind-api-2.3.3.jar:/home/icborba@sefaz.al.gov.br/.m2/repository/com/sun/activation/jakarta.activation/1.2.2/jakarta.activation-1.2.2.jar:/home/icborba@sefaz.al.gov.br/.m2/repository/javax/activation/activation/1.1.1/activation-1.1.1.jar:/home/icborba@sefaz.al.gov.br/.m2/repository/net/serenity-bdd/serenity-jbehave/1.46.0/serenity-jbehave-1.46.0.jar:/home/icborba@sefaz.al.gov.br/.m2/repository/commons-logging/commons-logging/1.2/commons-logging-1.2.jar:/home/icborba@sefaz.al.gov.br/.m2/repository/com/thoughtworks/paranamer/paranamer/2.8/paranamer-2.8.jar:/home/icborba@sefaz.al.gov.br/.m2/repository/org/jbehave/jbehave-core/4.4/jbehave-core-4.4.jar:/home/icborba@sefaz.al.gov.br/.m2/repository/org/hamcrest/hamcrest-core/1.3/hamcrest-core-1.3.jar:/home/icborba@sefaz.al.gov.br/.m2/repository/org/hamcrest/hamcrest-library/1.3/hamcrest-library-1.3.jar:/home/icborba@sefaz.al.gov.br/.m2/repository/org/hamcrest/hamcrest-integration/1.3/hamcrest-integration-1.3.jar:/home/icborba@sefaz.al.gov.br/.m2/repository/org/apache/commons/commons-collections4/4.1/commons-collections4-4.1.jar:/home/icborba@sefaz.al.gov.br/.m2/repository/org/codehaus/plexus/plexus-utils/3.1.0/plexus-utils-3.1.0.jar:/home/icborba@sefaz.al.gov.br/.m2/repository/com/github/valfirst/jbehave-junit-runner/2.2.0/jbehave-junit-runner-2.2.0.jar:/home/icborba@sefaz.al.gov.br/.m2/repository/org/reflections/reflections/0.9.11/reflections-0.9.11.jar:/home/icborba@sefaz.al.gov.br/.m2/repository/org/javassist/javassist/3.21.0-GA/javassist-3.21.0-GA.jar:/home/icborba@sefaz.al.gov.br/.m2/repository/org/codehaus/groovy/groovy-all/2.4.13/groovy-all-2.4.13.jar:/home/icborba@sefaz.al.gov.br/.m2/repository/junit/junit/4.12/junit-4.12.jar:/home/icborba@sefaz.al.gov.br/.m2/repository/net/serenity-bdd/serenity-junit/3.0.5/serenity-junit-3.0.5.jar:/home/icborba@sefaz.al.gov.br/.m2/repository/org/junit/platform/junit-platform-launcher/1.5.2/junit-platform-launcher-1.5.2.jar:/home/icborba@sefaz.al.gov.br/.m2/repository/org/apiguardian/apiguardian-api/1.1.0/apiguardian-api-1.1.0.jar:/home/icborba@sefaz.al.gov.br/.m2/repository/org/junit/platform/junit-platform-engine/1.5.2/junit-platform-engine-1.5.2.jar:/home/icborba@sefaz.al.gov.br/.m2/repository/org/opentest4j/opentest4j/1.2.0/opentest4j-1.2.0.jar:/home/icborba@sefaz.al.gov.br/.m2/repository/org/junit/platform/junit-platform-commons/1.5.2/junit-platform-commons-1.5.2.jar:/home/icborba@sefaz.al.gov.br/.m2/repository/org/junit/jupiter/junit-jupiter-engine/5.5.2/junit-jupiter-engine-5.5.2.jar:/home/icborba@sefaz.al.gov.br/.m2/repository/org/junit/jupiter/junit-jupiter-api/5.5.2/junit-jupiter-api-5.5.2.jar:/home/icborba@sefaz.al.gov.br/.m2/repository/org/junit/vintage/junit-vintage-engine/5.5.2/junit-vintage-engine-5.5.2.jar:/home/icborba@sefaz.al.gov.br/.m2/repository/org/assertj/assertj-core/3.8.0/assertj-core-3.8.0.jar:/home/icborba@sefaz.al.gov.br/.m2/repository/org/hamcrest/hamcrest-all/1.3/hamcrest-all-1.3.jar:/home/icborba@sefaz.al.gov.br/.m2/repository/org/spockframework/spock-core/2.0-M4-groovy-3.0/spock-core-2.0-M4-groovy-3.0.jar:/home/icborba@sefaz.al.gov.br/.m2/repository/org/codehaus/groovy/groovy-ant/3.0.6/groovy-ant-3.0.6.jar:/home/icborba@sefaz.al.gov.br/.m2/repository/org/apache/ant/ant/1.10.8/ant-1.10.8.jar:/home/icborba@sefaz.al.gov.br/.m2/repository/org/apache/ant/ant-junit/1.10.8/ant-junit-1.10.8.jar:/home/icborba@sefaz.al.gov.br/.m2/repository/org/apache/ant/ant-launcher/1.10.8/ant-launcher-1.10.8.jar:/home/icborba@sefaz.al.gov.br/.m2/repository/org/apache/ant/ant-antlr/1.10.8/ant-antlr-1.10.8.jar:/home/icborba@sefaz.al.gov.br/.m2/repository/org/codehaus/groovy/groovy-astbuilder/3.0.6/groovy-astbuilder-3.0.6.jar:/home/icborba@sefaz.al.gov.br/.m2/repository/org/codehaus/groovy/groovy-cli-picocli/3.0.6/groovy-cli-picocli-3.0.6.jar:/home/icborba@sefaz.al.gov.br/.m2/repository/info/picocli/picocli/4.5.1/picocli-4.5.1.jar:/home/icborba@sefaz.al.gov.br/.m2/repository/org/codehaus/groovy/groovy-console/3.0.6/groovy-console-3.0.6.jar:/home/icborba@sefaz.al.gov.br/.m2/repository/org/codehaus/groovy/groovy-datetime/3.0.6/groovy-datetime-3.0.6.jar:/home/icborba@sefaz.al.gov.br/.m2/repository/org/codehaus/groovy/groovy-docgenerator/3.0.6/groovy-docgenerator-3.0.6.jar:/home/icborba@sefaz.al.gov.br/.m2/repository/com/thoughtworks/qdox/qdox/1.12.1/qdox-1.12.1.jar:/home/icborba@sefaz.al.gov.br/.m2/repository/org/codehaus/groovy/groovy-groovydoc/3.0.6/groovy-groovydoc-3.0.6.jar:/home/icborba@sefaz.al.gov.br/.m2/repository/com/github/javaparser/javaparser-core/3.16.1/javaparser-core-3.16.1.jar:/home/icborba@sefaz.al.gov.br/.m2/repository/org/codehaus/groovy/groovy-groovysh/3.0.6/groovy-groovysh-3.0.6.jar:/home/icborba@sefaz.al.gov.br/.m2/repository/jline/jline/2.14.6/jline-2.14.6.jar:/home/icborba@sefaz.al.gov.br/.m2/repository/org/codehaus/groovy/groovy-jmx/3.0.6/groovy-jmx-3.0.6.jar:/home/icborba@sefaz.al.gov.br/.m2/repository/org/codehaus/groovy/groovy-json/3.0.6/groovy-json-3.0.6.jar:/home/icborba@sefaz.al.gov.br/.m2/repository/org/codehaus/groovy/groovy-jsr223/3.0.6/groovy-jsr223-3.0.6.jar:/home/icborba@sefaz.al.gov.br/.m2/repository/org/codehaus/groovy/groovy-macro/3.0.6/groovy-macro-3.0.6.jar:/home/icborba@sefaz.al.gov.br/.m2/repository/org/codehaus/groovy/groovy-nio/3.0.6/groovy-nio-3.0.6.jar:/home/icborba@sefaz.al.gov.br/.m2/repository/org/codehaus/groovy/groovy-servlet/3.0.6/groovy-servlet-3.0.6.jar:/home/icborba@sefaz.al.gov.br/.m2/repository/org/codehaus/groovy/groovy-sql/3.0.6/groovy-sql-3.0.6.jar:/home/icborba@sefaz.al.gov.br/.m2/repository/org/codehaus/groovy/groovy-swing/3.0.6/groovy-swing-3.0.6.jar:/home/icborba@sefaz.al.gov.br/.m2/repository/org/codehaus/groovy/groovy-templates/3.0.6/groovy-templates-3.0.6.jar:/home/icborba@sefaz.al.gov.br/.m2/repository/org/codehaus/groovy/groovy-test/3.0.6/groovy-test-3.0.6.jar:/home/icborba@sefaz.al.gov.br/.m2/repository/org/codehaus/groovy/groovy-test-junit5/3.0.6/groovy-test-junit5-3.0.6.jar:/home/icborba@sefaz.al.gov.br/.m2/repository/org/codehaus/groovy/groovy-testng/3.0.6/groovy-testng-3.0.6.jar:/home/icborba@sefaz.al.gov.br/.m2/repository/org/testng/testng/7.3.0/testng-7.3.0.jar:/home/icborba@sefaz.al.gov.br/.m2/repository/org/codehaus/groovy/groovy-xml/3.0.6/groovy-xml-3.0.6.jar:/home/icborba@sefaz.al.gov.br/.m2/repository/net/bytebuddy/byte-buddy/1.10.13/byte-buddy-1.10.13.jar:/home/icborba@sefaz.al.gov.br/.m2/repository/com/athaydes/spock-reports/2.0-RC2/spock-reports-2.0-RC2.jar:/home/icborba@sefaz.al.gov.br/.m2/repository/org/slf4j/slf4j-api/1.7.30/slf4j-api-1.7.30.jar:/home/icborba@sefaz.al.gov.br/.m2/repository/org/slf4j/slf4j-simple/1.7.30/slf4j-simple-1.7.30.jar:/home/icborba@sefaz.al.gov.br/.m2/repository/com/google/collections/google-collections/1.0/google-collections-1.0.jar:"/>
    <property name="sun.cpu.endian" value="little"/>
    <property name="user.home" value="/home/icborba@sefaz.al.gov.br"/>
    <property name="user.language" value="pt"/>
    <property name="java.specification.vendor" value="Oracle Corporation"/>
    <property name="java.version.date" value="2025-01-21"/>
    <property name="java.home" value="/home/icborba@sefaz.al.gov.br/.jdks/corretto-11.0.26"/>
    <property name="file.separator" value="/"/>
    <property name="basedir" value="/home/icborba@sefaz.al.gov.br/bdd-in-action/Chapter-2/Train-Timetables"/>
    <property name="java.vm.compressedOopsMode" value="Zero based"/>
    <property name="line.separator" value="&#10;"/>
    <property name="java.specification.name" value="Java Platform API Specification"/>
    <property name="java.vm.specification.vendor" value="Oracle Corporation"/>
    <property name="java.awt.graphicsenv" value="sun.awt.X11GraphicsEnvironment"/>
    <property name="surefire.real.class.path" value="/home/icborba@sefaz.al.gov.br/bdd-in-action/Chapter-2/Train-Timetables/target/surefire/surefirebooter8376740018947542775.jar"/>
    <property name="sun.management.compiler" value="HotSpot 64-Bit Tiered Compilers"/>
    <property name="java.runtime.version" value="11.0.26+4-LTS"/>
    <property name="user.name" value="icborba"/>
    <property name="path.separator" value=":"/>
    <property name="os.version" value="6.8.9-100.fc38.x86_64"/>
    <property name="java.runtime.name" value="OpenJDK Runtime Environment"/>
    <property name="file.encoding" value="UTF-8"/>
    <property name="java.vm.name" value="OpenJDK 64-Bit Server VM"/>
    <property name="java.vendor.version" value="Corretto-11.0.26.4.1"/>
    <property name="localRepository" value="/home/icborba@sefaz.al.gov.br/.m2/repository"/>
    <property name="java.vendor.url.bug" value="https://github.com/corretto/corretto-11/issues/"/>
    <property name="java.io.tmpdir" value="/tmp"/>
    <property name="idea.version" value="2024.3.1.1"/>
    <property name="java.version" value="11.0.26"/>
    <property name="user.dir" value="/home/icborba@sefaz.al.gov.br/bdd-in-action/Chapter-2/Train-Timetables"/>
    <property name="os.arch" value="amd64"/>
    <property name="java.vm.specification.name" value="Java Virtual Machine Specification"/>
    <property name="java.awt.printerjob" value="sun.print.PSPrinterJob"/>
    <property name="sun.os.patch.level" value="unknown"/>
    <property name="java.library.path" value="/usr/java/packages/lib:/usr/lib64:/lib64:/lib:/usr/lib"/>
    <property name="java.vm.info" value="mixed mode"/>
    <property name="java.vendor" value="Amazon.com Inc."/>
    <property name="java.vm.version" value="11.0.26+4-LTS"/>
    <property name="java.specification.maintenance.version" value="3"/>
    <property name="sun.io.unicode.encoding" value="UnicodeLittle"/>
    <property name="java.class.version" value="55.0"/>
  </properties>
  <testcase name="" classname="java.lang.Object" time="0.225">
    <system-out><![CDATA[Processing system properties {}
Using controls EmbedderControls[batch=false,failOnStoryTimeout=false,generateViewAfterStories=true,ignoreFailureInStories=true,ignoreFailureInView=true,skip=false,storyTimeouts=300,threads=1,verboseFailures=false,verboseFiltering=false]

(BeforeStories)
]]></system-out>
    <system-err><![CDATA[[main] INFO com.athaydes.spockframework.report.SpockReportExtension - Got configuration from Spock: com.athaydes.spockframework.report.internal.SpockReportsConfiguration([:])
[main] INFO com.athaydes.spockframework.report.internal.ConfigLoader - SpockReports config loaded: {com.athaydes.spockframework.report.projectVersion=Unknown, com.athaydes.spockframework.report.aggregatedJsonReportDir=, com.athaydes.spockframework.report.template.TemplateReportCreator.enabled=true, com.athaydes.spockframework.report.internal.HtmlReportCreator.printThrowableStackTrace=false, com.athaydes.spockframework.report.template.TemplateReportCreator.specTemplateFile=/templateReportCreator/spec-template.md, com.athaydes.spockframework.report.template.TemplateReportCreator.reportFileExtension=md, com.athaydes.spockframework.report.hideEmptyBlocks=false, com.athaydes.spockframework.report.template.TemplateReportCreator.summaryTemplateFile=/templateReportCreator/summary-template.md, com.athaydes.spockframework.report.template.TemplateReportCreator.summaryFileName=summary.md, com.athaydes.spockframework.report.internal.HtmlReportCreator.enabled=true, com.athaydes.spockframework.report.outputDir=build/spock-reports, com.athaydes.spockframework.report.projectName=, com.athaydes.spockframework.report.showCodeBlocks=false, com.athaydes.spockframework.report.internal.HtmlReportCreator.specSummaryNameOption=class_name_and_title, com.athaydes.spockframework.report.internal.HtmlReportCreator.inlineCss=true, com.athaydes.spockframework.report.internal.HtmlReportCreator.featureReportCss=spock-feature-report.css, com.athaydes.spockframework.report.testSourceRoots=src/test/groovy, com.athaydes.spockframework.report.internal.HtmlReportCreator.summaryReportCss=spock-summary-report.css, com.athaydes.spockframework.report.internal.HtmlReportCreator.excludeToc=false, com.athaydes.spockframework.report.IReportCreator=com.athaydes.spockframework.report.internal.HtmlReportCreator}
[main] INFO  - 

-------------------------------------------------------------------------------------
     _______. _______ .______       _______ .__   __.  __  .___________.____    ____ 
    /       ||   ____||   _  \     |   ____||  \ |  | |  | |           |\   \  /   / 
   |   (----`|  |__   |  |_)  |    |  |__   |   \|  | |  | `---|  |----` \   \/   /  
    \   \    |   __|  |      /     |   __|  |  . `  | |  |     |  |       \_    _/   
.----)   |   |  |____ |  |\  \----.|  |____ |  |\   | |  |     |  |         |  |     
|_______/    |_______|| _| `._____||_______||__| \__| |__|     |__|         |__|    
                                                                                     
 News and tutorials at http://www.serenity-bdd.info                                  
 Documentation at https://wakaleo.gitbooks.io/the-serenity-book/content/             
 Join the Serenity Community on Gitter: https://gitter.im/serenity-bdd/serenity-core 
 Serenity BDD Support and Training at http://serenity-bdd.info/#/trainingandsupport  
-------------------------------------------------------------------------------------

]]></system-err>
  </testcase>
  <testcase name="" classname="java.lang.Object" time="0.001">
    <system-out><![CDATA[Then I should be told about the trains at: 08:02, 08:11, 08:14, 08:21



(AfterStories)
]]></system-out>
    <system-err><![CDATA[[pool-3-thread-1] INFO  - 
  _____   ___   ___   _____     ___     _     ___   ___   ___   ___  
 |_   _| | __| / __| |_   _|   | _ \   /_\   / __| / __| | __| |   \ 
   | |   | _|  \__ \   | |     |  _/  / _ \  \__ \ \__ \ | _|  | |) |
   |_|   |___| |___/   |_|     |_|   /_/ \_\ |___/ |___/ |___| |___/ 

Find the optimal itinerary between stations on the same line
----------------------------------------------------------------------
]]></system-err>
  </testcase>
  <testcase name="" classname="com.bddinaction.chapter2.jbehave.steps.ArrivalTimesSteps" time="0.021">
    <system-out><![CDATA[
Running story stories/calculate_estimated_arrival_times.story
Using timeout for story calculate_estimated_arrival_times.story of 300 secs.

(stories/calculate_estimated_arrival_times.story)
Meta:
@Tell travellers when they will arrive at their destination

Narrative:
In order to plan my voyage more effectively
As a commuter
I want to know what time I will arrive at my destination
Scenario: Calculate arrival times
Examples:
Given I want to go from <departure> to <destination>
And the next train leaves at <departureTime> on <line> line
When I ask for my arrival time
Then the estimated arrival time should be <arrivalTime>

|departure|destination|departureTime|line|arrivalTime|
|Parramatta|Town Hall|08:02|Western|08:29|
|Epping|Central|08:03|Northern|08:48|
|Epping|Central|08:07|Newcastle|08:37|
|Epping|Central|08:13|Epping|08:51|

Example: {departure=Parramatta, destination=Town Hall, departureTime=08:02, line=Western, arrivalTime=08:29, Tell=travellers when they will arrive at their destination}
]]></system-out>
    <system-err><![CDATA[[pool-3-thread-1] INFO net.serenitybdd.jbehave.embedders.monitors.ReportingEmbedderMonitor - 1397643446story running with path stories/calculate_estimated_arrival_times.story
[pool-3-thread-1] ERROR net.serenitybdd.jbehave.embedders.monitors.ReportingEmbedderMonitor - can not find any story by path stories/calculate_estimated_arrival_times.story
[pool-3-thread-1] INFO  - Test Suite Started: Calculate estimated arrival times
[pool-3-thread-1] INFO  - 
  _____   ___   ___   _____     ___   _____     _     ___   _____   ___   ___  
 |_   _| | __| / __| |_   _|   / __| |_   _|   /_\   | _ \ |_   _| | __| |   \ 
   | |   | _|  \__ \   | |     \__ \   | |    / _ \  |   /   | |   | _|  | |) |
   |_|   |___| |___/   |_|     |___/   |_|   /_/ \_\ |_|_\   |_|   |___| |___/ 

Calculate arrival times(stories/calculate_estimated_arrival_times.story;Calculate arrival times)
--------------------------------------------------------------------------------
]]></system-err>
  </testcase>
  <testcase name="" classname="com.bddinaction.chapter2.jbehave.steps.ArrivalTimesSteps" time="0.01">
    <system-out><![CDATA[Given I want to go from Parramatta to Town Hall
]]></system-out>
  </testcase>
  <testcase name="" classname="com.bddinaction.chapter2.jbehave.steps.ArrivalTimesSteps" time="0.044">
    <system-out><![CDATA[And the next train leaves at 08:02 on Western line
]]></system-out>
  </testcase>
  <testcase name="" classname="com.bddinaction.chapter2.jbehave.steps.ArrivalTimesSteps" time="0.065">
    <system-out><![CDATA[When I ask for my arrival time
]]></system-out>
  </testcase>
  <testcase name="" classname="com.bddinaction.chapter2.jbehave.steps.ArrivalTimesSteps" time="0.003">
    <system-out><![CDATA[Then the estimated arrival time should be 08:29

Example: {departure=Epping, destination=Central, departureTime=08:03, line=Northern, arrivalTime=08:48, Tell=travellers when they will arrive at their destination}
]]></system-out>
  </testcase>
  <testcase name="" classname="com.bddinaction.chapter2.jbehave.steps.ArrivalTimesSteps" time="0.003">
    <system-out><![CDATA[Given I want to go from Epping to Central
]]></system-out>
  </testcase>
  <testcase name="" classname="com.bddinaction.chapter2.jbehave.steps.ArrivalTimesSteps" time="0.001">
    <system-out><![CDATA[And the next train leaves at 08:03 on Northern line
]]></system-out>
  </testcase>
  <testcase name="" classname="com.bddinaction.chapter2.jbehave.steps.ArrivalTimesSteps" time="0.002">
    <system-out><![CDATA[When I ask for my arrival time
]]></system-out>
  </testcase>
  <testcase name="" classname="com.bddinaction.chapter2.jbehave.steps.ArrivalTimesSteps" time="0.002">
    <system-out><![CDATA[Then the estimated arrival time should be 08:48

Example: {departure=Epping, destination=Central, departureTime=08:07, line=Newcastle, arrivalTime=08:37, Tell=travellers when they will arrive at their destination}
]]></system-out>
  </testcase>
  <testcase name="" classname="com.bddinaction.chapter2.jbehave.steps.ArrivalTimesSteps" time="0.002">
    <system-out><![CDATA[Given I want to go from Epping to Central
]]></system-out>
  </testcase>
  <testcase name="" classname="com.bddinaction.chapter2.jbehave.steps.ArrivalTimesSteps" time="0.003">
    <system-out><![CDATA[And the next train leaves at 08:07 on Newcastle line
]]></system-out>
  </testcase>
  <testcase name="" classname="com.bddinaction.chapter2.jbehave.steps.ArrivalTimesSteps" time="0.003">
    <system-out><![CDATA[When I ask for my arrival time
]]></system-out>
  </testcase>
  <testcase name="" classname="com.bddinaction.chapter2.jbehave.steps.ArrivalTimesSteps" time="0.002">
    <system-out><![CDATA[Then the estimated arrival time should be 08:37

Example: {departure=Epping, destination=Central, departureTime=08:13, line=Epping, arrivalTime=08:51, Tell=travellers when they will arrive at their destination}
]]></system-out>
  </testcase>
  <testcase name="" classname="com.bddinaction.chapter2.jbehave.steps.ArrivalTimesSteps" time="0.003">
    <system-out><![CDATA[Given I want to go from Epping to Central
]]></system-out>
  </testcase>
  <testcase name="" classname="com.bddinaction.chapter2.jbehave.steps.ArrivalTimesSteps" time="0.004">
    <system-out><![CDATA[And the next train leaves at 08:13 on Epping line
]]></system-out>
  </testcase>
  <testcase name="" classname="com.bddinaction.chapter2.jbehave.steps.ArrivalTimesSteps" time="0.005">
    <system-out><![CDATA[When I ask for my arrival time
]]></system-out>
  </testcase>
  <testcase name="" classname="com.bddinaction.chapter2.jbehave.steps.OptimalItinerarySteps" time="0.017">
    <system-out><![CDATA[Then the estimated arrival time should be 08:51



Running story stories/find_next_train_departures.story
Using timeout for story find_next_train_departures.story of 300 secs.

(stories/find_next_train_departures.story)
Meta:
@Find out what time the next trains for my destination station leave

Narrative:
In order to plan my trips more effectively
As a commuter
I want to know the next trains going to my destination
Scenario: Find the optimal itinerary between stations on the same line
]]></system-out>
    <system-err><![CDATA[[pool-3-thread-1] INFO  - 
  _____   ___   ___   _____     ___     _     ___   ___   ___   ___  
 |_   _| | __| / __| |_   _|   | _ \   /_\   / __| / __| | __| |   \ 
   | |   | _|  \__ \   | |     |  _/  / _ \  \__ \ \__ \ | _|  | |) |
   |_|   |___| |___/   |_|     |_|   /_/ \_\ |___/ |___/ |___| |___/ 

Calculate arrival times
----------------------------------------------------------------------
[pool-3-thread-1] INFO net.serenitybdd.jbehave.embedders.monitors.ReportingEmbedderMonitor - 1397643446story running with path stories/find_next_train_departures.story
[pool-3-thread-1] ERROR net.serenitybdd.jbehave.embedders.monitors.ReportingEmbedderMonitor - can not find any story by path stories/find_next_train_departures.story
[pool-3-thread-1] INFO  - Test Suite Started: Find next train departures
[pool-3-thread-1] INFO  - 
  _____   ___   ___   _____     ___   _____     _     ___   _____   ___   ___  
 |_   _| | __| / __| |_   _|   / __| |_   _|   /_\   | _ \ |_   _| | __| |   \ 
   | |   | _|  \__ \   | |     \__ \   | |    / _ \  |   /   | |   | _|  | |) |
   |_|   |___| |___/   |_|     |___/   |_|   /_/ \_\ |_|_\   |_|   |___| |___/ 

Find the optimal itinerary between stations on the same line(stories/find_next_train_departures.story;Find the optimal itinerary between stations on the same line)
--------------------------------------------------------------------------------
]]></system-err>
  </testcase>
  <testcase name="" classname="com.bddinaction.chapter2.jbehave.steps.OptimalItinerarySteps" time="0.009">
    <system-out><![CDATA[Given Western line trains from Emu Plains leave Parramatta for Town Hall at 07:58, 08:00, 08:02, 08:11, 08:14, 08:21, 08:31, 08:36
]]></system-out>
  </testcase>
  <testcase name="" classname="com.bddinaction.chapter2.jbehave.steps.OptimalItinerarySteps" time="0.019">
    <system-out><![CDATA[When I want to travel from Parramatta to Town Hall at 08:00
]]></system-out>
  </testcase>
</testsuite>