<?xml version="1.0" encoding="UTF-8"?>
<testsuite xmlns:xsi="http://www.w3.org/2001/XMLSchema-instance" xsi:noNamespaceSchemaLocation="https://maven.apache.org/surefire/maven-surefire-plugin/xsd/surefire-test-report-3.0.xsd" version="3.0" name="com.testing.storyRunner.TestRunner" time="3.819" tests="10" errors="0" skipped="0" failures="0">
  <properties>
    <property name="sun.desktop" value="gnome"/>
    <property name="awt.toolkit" value="sun.awt.X11.XToolkit"/>
    <property name="java.specification.version" value="11"/>
    <property name="sun.cpu.isalist" value=""/>
    <property name="sun.jnu.encoding" value="UTF-8"/>
    <property name="java.class.path" value="/home/icborba@sefaz.al.gov.br/teste/SerenityBDDjBehaveProject/target/test-classes:/home/icborba@sefaz.al.gov.br/teste/SerenityBDDjBehaveProject/target/classes:/home/icborba@sefaz.al.gov.br/.m2/repository/net/serenity-bdd/serenity-core/3.0.5/serenity-core-3.0.5.jar:/home/icborba@sefaz.al.gov.br/.m2/repository/net/serenity-bdd/serenity-model/3.0.5/serenity-model-3.0.5.jar:/home/icborba@sefaz.al.gov.br/.m2/repository/org/apache/commons/commons-text/1.9/commons-text-1.9.jar:/home/icborba@sefaz.al.gov.br/.m2/repository/commons-net/commons-net/3.6/commons-net-3.6.jar:/home/icborba@sefaz.al.gov.br/.m2/repository/com/google/guava/guava/31.0.1-jre/guava-31.0.1-jre.jar:/home/icborba@sefaz.al.gov.br/.m2/repository/com/google/guava/failureaccess/1.0.1/failureaccess-1.0.1.jar:/home/icborba@sefaz.al.gov.br/.m2/repository/com/google/guava/listenablefuture/9999.0-empty-to-avoid-conflict-with-guava/listenablefuture-9999.0-empty-to-avoid-conflict-with-guava.jar:/home/icborba@sefaz.al.gov.br/.m2/repository/com/google/code/findbugs/jsr305/3.0.2/jsr305-3.0.2.jar:/home/icborba@sefaz.al.gov.br/.m2/repository/org/checkerframework/checker-qual/3.12.0/checker-qual-3.12.0.jar:/home/icborba@sefaz.al.gov.br/.m2/repository/com/google/errorprone/error_prone_annotations/2.7.1/error_prone_annotations-2.7.1.jar:/home/icborba@sefaz.al.gov.br/.m2/repository/com/google/j2objc/j2objc-annotations/1.3/j2objc-annotations-1.3.jar:/home/icborba@sefaz.al.gov.br/.m2/repository/org/slf4j/slf4j-api/1.7.30/slf4j-api-1.7.30.jar:/home/icborba@sefaz.al.gov.br/.m2/repository/com/google/inject/guice/5.0.1/guice-5.0.1.jar:/home/icborba@sefaz.al.gov.br/.m2/repository/javax/inject/javax.inject/1/javax.inject-1.jar:/home/icborba@sefaz.al.gov.br/.m2/repository/aopalliance/aopalliance/1.0/aopalliance-1.0.jar:/home/icborba@sefaz.al.gov.br/.m2/repository/org/jsoup/jsoup/1.13.1/jsoup-1.13.1.jar:/home/icborba@sefaz.al.gov.br/.m2/repository/com/thoughtworks/xstream/xstream/1.4.18/xstream-1.4.18.jar:/home/icborba@sefaz.al.gov.br/.m2/repository/io/github/x-stream/mxparser/1.2.2/mxparser-1.2.2.jar:/home/icborba@sefaz.al.gov.br/.m2/repository/xmlpull/xmlpull/1.1.3.1/xmlpull-1.1.3.1.jar:/home/icborba@sefaz.al.gov.br/.m2/repository/io/cucumber/cucumber-core/6.11.0/cucumber-core-6.11.0.jar:/home/icborba@sefaz.al.gov.br/.m2/repository/io/cucumber/cucumber-gherkin/6.11.0/cucumber-gherkin-6.11.0.jar:/home/icborba@sefaz.al.gov.br/.m2/repository/io/cucumber/cucumber-gherkin-messages/6.11.0/cucumber-gherkin-messages-6.11.0.jar:/home/icborba@sefaz.al.gov.br/.m2/repository/io/cucumber/messages/15.0.0/messages-15.0.0.jar:/home/icborba@sefaz.al.gov.br/.m2/repository/io/cucumber/tag-expressions/3.0.1/tag-expressions-3.0.1.jar:/home/icborba@sefaz.al.gov.br/.m2/repository/io/cucumber/cucumber-expressions/10.3.0/cucumber-expressions-10.3.0.jar:/home/icborba@sefaz.al.gov.br/.m2/repository/io/cucumber/datatable/3.5.0/datatable-3.5.0.jar:/home/icborba@sefaz.al.gov.br/.m2/repository/io/cucumber/cucumber-plugin/6.11.0/cucumber-plugin-6.11.0.jar:/home/icborba@sefaz.al.gov.br/.m2/repository/io/cucumber/docstring/6.11.0/docstring-6.11.0.jar:/home/icborba@sefaz.al.gov.br/.m2/repository/io/cucumber/html-formatter/13.0.0/html-formatter-13.0.0.jar:/home/icborba@sefaz.al.gov.br/.m2/repository/io/cucumber/create-meta/4.0.0/create-meta-4.0.0.jar:/home/icborba@sefaz.al.gov.br/.m2/repository/io/cucumber/cucumber-java/6.11.0/cucumber-java-6.11.0.jar:/home/icborba@sefaz.al.gov.br/.m2/repository/com/typesafe/config/1.3.1/config-1.3.1.jar:/home/icborba@sefaz.al.gov.br/.m2/repository/org/imgscalr/imgscalr-lib/4.2/imgscalr-lib-4.2.jar:/home/icborba@sefaz.al.gov.br/.m2/repository/org/awaitility/awaitility/4.1.0/awaitility-4.1.0.jar:/home/icborba@sefaz.al.gov.br/.m2/repository/org/freemarker/freemarker/2.3.31/freemarker-2.3.31.jar:/home/icborba@sefaz.al.gov.br/.m2/repository/net/sourceforge/jexcelapi/jxl/2.6.12/jxl-2.6.12.jar:/home/icborba@sefaz.al.gov.br/.m2/repository/org/asciidoctor/asciidoctorj/2.5.1/asciidoctorj-2.5.1.jar:/home/icborba@sefaz.al.gov.br/.m2/repository/org/asciidoctor/asciidoctorj-api/2.5.1/asciidoctorj-api-2.5.1.jar:/home/icborba@sefaz.al.gov.br/.m2/repository/org/jruby/jruby/9.2.17.0/jruby-9.2.17.0.jar:/home/icborba@sefaz.al.gov.br/.m2/repository/org/jruby/jruby-core/9.2.17.0/jruby-core-9.2.17.0.jar:/home/icborba@sefaz.al.gov.br/.m2/repository/com/github/jnr/jnr-netdb/1.2.0/jnr-netdb-1.2.0.jar:/home/icborba@sefaz.al.gov.br/.m2/repository/com/github/jnr/jnr-enxio/0.32.3/jnr-enxio-0.32.3.jar:/home/icborba@sefaz.al.gov.br/.m2/repository/com/github/jnr/jnr-unixsocket/0.38.5/jnr-unixsocket-0.38.5.jar:/home/icborba@sefaz.al.gov.br/.m2/repository/com/github/jnr/jnr-posix/3.1.4/jnr-posix-3.1.4.jar:/home/icborba@sefaz.al.gov.br/.m2/repository/com/github/jnr/jnr-constants/0.10.1/jnr-constants-0.10.1.jar:/home/icborba@sefaz.al.gov.br/.m2/repository/com/github/jnr/jffi/1.3.1/jffi-1.3.1.jar:/home/icborba@sefaz.al.gov.br/.m2/repository/com/github/jnr/jffi/1.3.1/jffi-1.3.1-native.jar:/home/icborba@sefaz.al.gov.br/.m2/repository/org/jruby/joni/joni/2.1.31/joni-2.1.31.jar:/home/icborba@sefaz.al.gov.br/.m2/repository/org/jruby/jcodings/jcodings/1.0.46/jcodings-1.0.46.jar:/home/icborba@sefaz.al.gov.br/.m2/repository/org/jruby/dirgra/0.3/dirgra-0.3.jar:/home/icborba@sefaz.al.gov.br/.m2/repository/com/headius/invokebinder/1.11/invokebinder-1.11.jar:/home/icborba@sefaz.al.gov.br/.m2/repository/com/headius/options/1.4/options-1.4.jar:/home/icborba@sefaz.al.gov.br/.m2/repository/com/jcraft/jzlib/1.1.3/jzlib-1.1.3.jar:/home/icborba@sefaz.al.gov.br/.m2/repository/com/martiansoftware/nailgun-server/0.9.1/nailgun-server-0.9.1.jar:/home/icborba@sefaz.al.gov.br/.m2/repository/com/headius/backport9/1.8/backport9-1.8.jar:/home/icborba@sefaz.al.gov.br/.m2/repository/javax/annotation/javax.annotation-api/1.3.1/javax.annotation-api-1.3.1.jar:/home/icborba@sefaz.al.gov.br/.m2/repository/org/jruby/jruby-stdlib/9.2.17.0/jruby-stdlib-9.2.17.0.jar:/home/icborba@sefaz.al.gov.br/.m2/repository/net/bytebuddy/byte-buddy/1.11.22/byte-buddy-1.11.22.jar:/home/icborba@sefaz.al.gov.br/.m2/repository/net/bytebuddy/byte-buddy-agent/1.11.22/byte-buddy-agent-1.11.22.jar:/home/icborba@sefaz.al.gov.br/.m2/repository/org/objenesis/objenesis/3.1/objenesis-3.1.jar:/home/icborba@sefaz.al.gov.br/.m2/repository/net/serenity-bdd/serenity-reports/3.0.5/serenity-reports-3.0.5.jar:/home/icborba@sefaz.al.gov.br/.m2/repository/net/serenity-bdd/serenity-stats/3.0.5/serenity-stats-3.0.5.jar:/home/icborba@sefaz.al.gov.br/.m2/repository/org/jetbrains/kotlin/kotlin-stdlib/1.5.31/kotlin-stdlib-1.5.31.jar:/home/icborba@sefaz.al.gov.br/.m2/repository/org/jetbrains/annotations/13.0/annotations-13.0.jar:/home/icborba@sefaz.al.gov.br/.m2/repository/org/jetbrains/kotlin/kotlin-stdlib-common/1.5.31/kotlin-stdlib-common-1.5.31.jar:/home/icborba@sefaz.al.gov.br/.m2/repository/net/serenity-bdd/serenity-reports-configuration/3.0.5/serenity-reports-configuration-3.0.5.jar:/home/icborba@sefaz.al.gov.br/.m2/repository/com/vladsch/flexmark/flexmark-all/0.34.30/flexmark-all-0.34.30.jar:/home/icborba@sefaz.al.gov.br/.m2/repository/com/vladsch/flexmark/flexmark/0.34.30/flexmark-0.34.30.jar:/home/icborba@sefaz.al.gov.br/.m2/repository/com/vladsch/flexmark/flexmark-ext-abbreviation/0.34.30/flexmark-ext-abbreviation-0.34.30.jar:/home/icborba@sefaz.al.gov.br/.m2/repository/com/vladsch/flexmark/flexmark-ext-admonition/0.34.30/flexmark-ext-admonition-0.34.30.jar:/home/icborba@sefaz.al.gov.br/.m2/repository/com/vladsch/flexmark/flexmark-ext-anchorlink/0.34.30/flexmark-ext-anchorlink-0.34.30.jar:/home/icborba@sefaz.al.gov.br/.m2/repository/com/vladsch/flexmark/flexmark-ext-aside/0.34.30/flexmark-ext-aside-0.34.30.jar:/home/icborba@sefaz.al.gov.br/.m2/repository/com/vladsch/flexmark/flexmark-ext-attributes/0.34.30/flexmark-ext-attributes-0.34.30.jar:/home/icborba@sefaz.al.gov.br/.m2/repository/com/vladsch/flexmark/flexmark-ext-autolink/0.34.30/flexmark-ext-autolink-0.34.30.jar:/home/icborba@sefaz.al.gov.br/.m2/repository/org/nibor/autolink/autolink/0.6.0/autolink-0.6.0.jar:/home/icborba@sefaz.al.gov.br/.m2/repository/com/vladsch/flexmark/flexmark-ext-definition/0.34.30/flexmark-ext-definition-0.34.30.jar:/home/icborba@sefaz.al.gov.br/.m2/repository/com/vladsch/flexmark/flexmark-ext-emoji/0.34.30/flexmark-ext-emoji-0.34.30.jar:/home/icborba@sefaz.al.gov.br/.m2/repository/com/vladsch/flexmark/flexmark-ext-enumerated-reference/0.34.30/flexmark-ext-enumerated-reference-0.34.30.jar:/home/icborba@sefaz.al.gov.br/.m2/repository/com/vladsch/flexmark/flexmark-ext-escaped-character/0.34.30/flexmark-ext-escaped-character-0.34.30.jar:/home/icborba@sefaz.al.gov.br/.m2/repository/com/vladsch/flexmark/flexmark-ext-footnotes/0.34.30/flexmark-ext-footnotes-0.34.30.jar:/home/icborba@sefaz.al.gov.br/.m2/repository/com/vladsch/flexmark/flexmark-ext-gfm-issues/0.34.30/flexmark-ext-gfm-issues-0.34.30.jar:/home/icborba@sefaz.al.gov.br/.m2/repository/com/vladsch/flexmark/flexmark-ext-gfm-strikethrough/0.34.30/flexmark-ext-gfm-strikethrough-0.34.30.jar:/home/icborba@sefaz.al.gov.br/.m2/repository/com/vladsch/flexmark/flexmark-ext-gfm-tables/0.34.30/flexmark-ext-gfm-tables-0.34.30.jar:/home/icborba@sefaz.al.gov.br/.m2/repository/com/vladsch/flexmark/flexmark-ext-gfm-tasklist/0.34.30/flexmark-ext-gfm-tasklist-0.34.30.jar:/home/icborba@sefaz.al.gov.br/.m2/repository/com/vladsch/flexmark/flexmark-ext-gfm-users/0.34.30/flexmark-ext-gfm-users-0.34.30.jar:/home/icborba@sefaz.al.gov.br/.m2/repository/com/vladsch/flexmark/flexmark-ext-gitlab/0.34.30/flexmark-ext-gitlab-0.34.30.jar:/home/icborba@sefaz.al.gov.br/.m2/repository/com/vladsch/flexmark/flexmark-ext-jekyll-front-matter/0.34.30/flexmark-ext-jekyll-front-matter-0.34.30.jar:/home/icborba@sefaz.al.gov.br/.m2/repository/com/vladsch/flexmark/flexmark-ext-jekyll-tag/0.34.30/flexmark-ext-jekyll-tag-0.34.30.jar:/home/icborba@sefaz.al.gov.br/.m2/repository/com/vladsch/flexmark/flexmark-ext-media-tags/0.34.30/flexmark-ext-media-tags-0.34.30.jar:/home/icborba@sefaz.al.gov.br/.m2/repository/com/vladsch/flexmark/flexmark-test-util/0.34.30/flexmark-test-util-0.34.30.jar:/home/icborba@sefaz.al.gov.br/.m2/repository/com/vladsch/flexmark/flexmark-ext-ins/0.34.30/flexmark-ext-ins-0.34.30.jar:/home/icborba@sefaz.al.gov.br/.m2/repository/com/vladsch/flexmark/flexmark-ext-xwiki-macros/0.34.30/flexmark-ext-xwiki-macros-0.34.30.jar:/home/icborba@sefaz.al.gov.br/.m2/repository/com/vladsch/flexmark/flexmark-ext-superscript/0.34.30/flexmark-ext-superscript-0.34.30.jar:/home/icborba@sefaz.al.gov.br/.m2/repository/com/vladsch/flexmark/flexmark-ext-tables/0.34.30/flexmark-ext-tables-0.34.30.jar:/home/icborba@sefaz.al.gov.br/.m2/repository/com/vladsch/flexmark/flexmark-ext-toc/0.34.30/flexmark-ext-toc-0.34.30.jar:/home/icborba@sefaz.al.gov.br/.m2/repository/com/vladsch/flexmark/flexmark-ext-typographic/0.34.30/flexmark-ext-typographic-0.34.30.jar:/home/icborba@sefaz.al.gov.br/.m2/repository/com/vladsch/flexmark/flexmark-ext-wikilink/0.34.30/flexmark-ext-wikilink-0.34.30.jar:/home/icborba@sefaz.al.gov.br/.m2/repository/com/vladsch/flexmark/flexmark-ext-yaml-front-matter/0.34.30/flexmark-ext-yaml-front-matter-0.34.30.jar:/home/icborba@sefaz.al.gov.br/.m2/repository/com/vladsch/flexmark/flexmark-ext-youtube-embedded/0.34.30/flexmark-ext-youtube-embedded-0.34.30.jar:/home/icborba@sefaz.al.gov.br/.m2/repository/com/vladsch/flexmark/flexmark-formatter/0.34.30/flexmark-formatter-0.34.30.jar:/home/icborba@sefaz.al.gov.br/.m2/repository/com/vladsch/flexmark/flexmark-html-parser/0.34.30/flexmark-html-parser-0.34.30.jar:/home/icborba@sefaz.al.gov.br/.m2/repository/com/vladsch/flexmark/flexmark-jira-converter/0.34.30/flexmark-jira-converter-0.34.30.jar:/home/icborba@sefaz.al.gov.br/.m2/repository/com/vladsch/flexmark/flexmark-pdf-converter/0.34.30/flexmark-pdf-converter-0.34.30.jar:/home/icborba@sefaz.al.gov.br/.m2/repository/com/openhtmltopdf/openhtmltopdf-core/0.0.1-RC13/openhtmltopdf-core-0.0.1-RC13.jar:/home/icborba@sefaz.al.gov.br/.m2/repository/com/openhtmltopdf/openhtmltopdf-pdfbox/0.0.1-RC13/openhtmltopdf-pdfbox-0.0.1-RC13.jar:/home/icborba@sefaz.al.gov.br/.m2/repository/org/apache/pdfbox/pdfbox/2.0.8/pdfbox-2.0.8.jar:/home/icborba@sefaz.al.gov.br/.m2/repository/org/apache/pdfbox/fontbox/2.0.8/fontbox-2.0.8.jar:/home/icborba@sefaz.al.gov.br/.m2/repository/org/apache/pdfbox/xmpbox/2.0.8/xmpbox-2.0.8.jar:/home/icborba@sefaz.al.gov.br/.m2/repository/de/rototor/pdfbox/graphics2d/0.12/graphics2d-0.12.jar:/home/icborba@sefaz.al.gov.br/.m2/repository/com/openhtmltopdf/openhtmltopdf-rtl-support/0.0.1-RC13/openhtmltopdf-rtl-support-0.0.1-RC13.jar:/home/icborba@sefaz.al.gov.br/.m2/repository/com/ibm/icu/icu4j/59.1/icu4j-59.1.jar:/home/icborba@sefaz.al.gov.br/.m2/repository/com/openhtmltopdf/openhtmltopdf-jsoup-dom-converter/0.0.1-RC13/openhtmltopdf-jsoup-dom-converter-0.0.1-RC13.jar:/home/icborba@sefaz.al.gov.br/.m2/repository/com/vladsch/flexmark/flexmark-profile-pegdown/0.34.30/flexmark-profile-pegdown-0.34.30.jar:/home/icborba@sefaz.al.gov.br/.m2/repository/com/vladsch/flexmark/flexmark-util/0.34.30/flexmark-util-0.34.30.jar:/home/icborba@sefaz.al.gov.br/.m2/repository/com/vladsch/flexmark/flexmark-youtrack-converter/0.34.30/flexmark-youtrack-converter-0.34.30.jar:/home/icborba@sefaz.al.gov.br/.m2/repository/es/nitaur/markdown/txtmark/0.16/txtmark-0.16.jar:/home/icborba@sefaz.al.gov.br/.m2/repository/net/serenity-bdd/serenity-report-resources/3.0.5/serenity-report-resources-3.0.5.jar:/home/icborba@sefaz.al.gov.br/.m2/repository/com/google/code/gson/gson/2.8.8/gson-2.8.8.jar:/home/icborba@sefaz.al.gov.br/.m2/repository/com/fasterxml/jackson/core/jackson-core/2.12.4/jackson-core-2.12.4.jar:/home/icborba@sefaz.al.gov.br/.m2/repository/com/fasterxml/jackson/core/jackson-databind/2.12.4/jackson-databind-2.12.4.jar:/home/icborba@sefaz.al.gov.br/.m2/repository/com/fasterxml/jackson/core/jackson-annotations/2.12.4/jackson-annotations-2.12.4.jar:/home/icborba@sefaz.al.gov.br/.m2/repository/commons-codec/commons-codec/1.15/commons-codec-1.15.jar:/home/icborba@sefaz.al.gov.br/.m2/repository/commons-io/commons-io/2.8.0/commons-io-2.8.0.jar:/home/icborba@sefaz.al.gov.br/.m2/repository/org/seleniumhq/selenium/selenium-server/3.141.59/selenium-server-3.141.59.jar:/home/icborba@sefaz.al.gov.br/.m2/repository/org/seleniumhq/selenium/selenium-opera-driver/3.141.59/selenium-opera-driver-3.141.59.jar:/home/icborba@sefaz.al.gov.br/.m2/repository/org/seleniumhq/selenium/selenium-remote-driver/3.141.59/selenium-remote-driver-3.141.59.jar:/home/icborba@sefaz.al.gov.br/.m2/repository/org/seleniumhq/selenium/selenium-safari-driver/3.141.59/selenium-safari-driver-3.141.59.jar:/home/icborba@sefaz.al.gov.br/.m2/repository/com/beust/jcommander/1.72/jcommander-1.72.jar:/home/icborba@sefaz.al.gov.br/.m2/repository/org/apache/commons/commons-exec/1.3/commons-exec-1.3.jar:/home/icborba@sefaz.al.gov.br/.m2/repository/net/jcip/jcip-annotations/1.0/jcip-annotations-1.0.jar:/home/icborba@sefaz.al.gov.br/.m2/repository/org/seleniumhq/selenium/jetty-repacked/9.4.12.v20180830/jetty-repacked-9.4.12.v20180830.jar:/home/icborba@sefaz.al.gov.br/.m2/repository/com/squareup/okhttp3/okhttp/3.11.0/okhttp-3.11.0.jar:/home/icborba@sefaz.al.gov.br/.m2/repository/com/squareup/okio/okio/1.14.0/okio-1.14.0.jar:/home/icborba@sefaz.al.gov.br/.m2/repository/javax/servlet/javax.servlet-api/3.1.0/javax.servlet-api-3.1.0.jar:/home/icborba@sefaz.al.gov.br/.m2/repository/org/yaml/snakeyaml/1.19/snakeyaml-1.19.jar:/home/icborba@sefaz.al.gov.br/.m2/repository/org/seleniumhq/selenium/selenium-java/3.141.59/selenium-java-3.141.59.jar:/home/icborba@sefaz.al.gov.br/.m2/repository/org/seleniumhq/selenium/selenium-api/3.141.59/selenium-api-3.141.59.jar:/home/icborba@sefaz.al.gov.br/.m2/repository/org/seleniumhq/selenium/selenium-support/3.141.59/selenium-support-3.141.59.jar:/home/icborba@sefaz.al.gov.br/.m2/repository/org/seleniumhq/selenium/selenium-chrome-driver/3.141.59/selenium-chrome-driver-3.141.59.jar:/home/icborba@sefaz.al.gov.br/.m2/repository/org/seleniumhq/selenium/selenium-firefox-driver/3.141.59/selenium-firefox-driver-3.141.59.jar:/home/icborba@sefaz.al.gov.br/.m2/repository/org/seleniumhq/selenium/selenium-edge-driver/3.141.59/selenium-edge-driver-3.141.59.jar:/home/icborba@sefaz.al.gov.br/.m2/repository/org/seleniumhq/selenium/selenium-ie-driver/3.141.59/selenium-ie-driver-3.141.59.jar:/home/icborba@sefaz.al.gov.br/.m2/repository/net/sourceforge/htmlunit/htmlunit/2.47.1/htmlunit-2.47.1.jar:/home/icborba@sefaz.al.gov.br/.m2/repository/xalan/xalan/2.7.2/xalan-2.7.2.jar:/home/icborba@sefaz.al.gov.br/.m2/repository/xalan/serializer/2.7.2/serializer-2.7.2.jar:/home/icborba@sefaz.al.gov.br/.m2/repository/org/apache/httpcomponents/httpmime/4.5.13/httpmime-4.5.13.jar:/home/icborba@sefaz.al.gov.br/.m2/repository/org/apache/httpcomponents/httpclient/4.5.13/httpclient-4.5.13.jar:/home/icborba@sefaz.al.gov.br/.m2/repository/org/apache/httpcomponents/httpcore/4.4.13/httpcore-4.4.13.jar:/home/icborba@sefaz.al.gov.br/.m2/repository/net/sourceforge/htmlunit/htmlunit-core-js/2.47.0/htmlunit-core-js-2.47.0.jar:/home/icborba@sefaz.al.gov.br/.m2/repository/net/sourceforge/htmlunit/neko-htmlunit/2.47.1/neko-htmlunit-2.47.1.jar:/home/icborba@sefaz.al.gov.br/.m2/repository/xerces/xercesImpl/2.12.0/xercesImpl-2.12.0.jar:/home/icborba@sefaz.al.gov.br/.m2/repository/xml-apis/xml-apis/1.4.01/xml-apis-1.4.01.jar:/home/icborba@sefaz.al.gov.br/.m2/repository/net/sourceforge/htmlunit/htmlunit-cssparser/1.7.0/htmlunit-cssparser-1.7.0.jar:/home/icborba@sefaz.al.gov.br/.m2/repository/org/brotli/dec/0.1.2/dec-0.1.2.jar:/home/icborba@sefaz.al.gov.br/.m2/repository/com/shapesecurity/salvation2/3.0.0/salvation2-3.0.0.jar:/home/icborba@sefaz.al.gov.br/.m2/repository/org/eclipse/jetty/websocket/websocket-client/9.4.36.v20210114/websocket-client-9.4.36.v20210114.jar:/home/icborba@sefaz.al.gov.br/.m2/repository/org/eclipse/jetty/jetty-client/9.4.36.v20210114/jetty-client-9.4.36.v20210114.jar:/home/icborba@sefaz.al.gov.br/.m2/repository/org/eclipse/jetty/jetty-http/9.4.36.v20210114/jetty-http-9.4.36.v20210114.jar:/home/icborba@sefaz.al.gov.br/.m2/repository/org/eclipse/jetty/jetty-util/9.4.36.v20210114/jetty-util-9.4.36.v20210114.jar:/home/icborba@sefaz.al.gov.br/.m2/repository/org/eclipse/jetty/jetty-io/9.4.36.v20210114/jetty-io-9.4.36.v20210114.jar:/home/icborba@sefaz.al.gov.br/.m2/repository/org/eclipse/jetty/websocket/websocket-common/9.4.36.v20210114/websocket-common-9.4.36.v20210114.jar:/home/icborba@sefaz.al.gov.br/.m2/repository/org/eclipse/jetty/websocket/websocket-api/9.4.36.v20210114/websocket-api-9.4.36.v20210114.jar:/home/icborba@sefaz.al.gov.br/.m2/repository/org/projectlombok/lombok/1.18.20/lombok-1.18.20.jar:/home/icborba@sefaz.al.gov.br/.m2/repository/org/seleniumhq/selenium/htmlunit-driver/2.47.1/htmlunit-driver-2.47.1.jar:/home/icborba@sefaz.al.gov.br/.m2/repository/com/codeborne/phantomjsdriver/1.4.4/phantomjsdriver-1.4.4.jar:/home/icborba@sefaz.al.gov.br/.m2/repository/io/appium/java-client/7.5.1/java-client-7.5.1.jar:/home/icborba@sefaz.al.gov.br/.m2/repository/commons-validator/commons-validator/1.7/commons-validator-1.7.jar:/home/icborba@sefaz.al.gov.br/.m2/repository/commons-digester/commons-digester/2.1/commons-digester-2.1.jar:/home/icborba@sefaz.al.gov.br/.m2/repository/org/aspectj/aspectjweaver/1.9.6/aspectjweaver-1.9.6.jar:/home/icborba@sefaz.al.gov.br/.m2/repository/org/codehaus/groovy/groovy/3.0.9/groovy-3.0.9.jar:/home/icborba@sefaz.al.gov.br/.m2/repository/net/sf/opencsv/opencsv/2.0/opencsv-2.0.jar:/home/icborba@sefaz.al.gov.br/.m2/repository/commons-beanutils/commons-beanutils/1.9.4/commons-beanutils-1.9.4.jar:/home/icborba@sefaz.al.gov.br/.m2/repository/org/apache/commons/commons-lang3/3.11/commons-lang3-3.11.jar:/home/icborba@sefaz.al.gov.br/.m2/repository/commons-collections/commons-collections/3.2.2/commons-collections-3.2.2.jar:/home/icborba@sefaz.al.gov.br/.m2/repository/org/fluentlenium/fluentlenium-core/0.10.2/fluentlenium-core-0.10.2.jar:/home/icborba@sefaz.al.gov.br/.m2/repository/io/github/bonigarcia/webdrivermanager/4.4.1/webdrivermanager-4.4.1.jar:/home/icborba@sefaz.al.gov.br/.m2/repository/org/apache/httpcomponents/client5/httpclient5/5.0.3/httpclient5-5.0.3.jar:/home/icborba@sefaz.al.gov.br/.m2/repository/org/apache/httpcomponents/core5/httpcore5/5.0.2/httpcore5-5.0.2.jar:/home/icborba@sefaz.al.gov.br/.m2/repository/org/apache/httpcomponents/core5/httpcore5-h2/5.0.2/httpcore5-h2-5.0.2.jar:/home/icborba@sefaz.al.gov.br/.m2/repository/org/rauschig/jarchivelib/1.1.0/jarchivelib-1.1.0.jar:/home/icborba@sefaz.al.gov.br/.m2/repository/org/apache/commons/commons-compress/1.20/commons-compress-1.20.jar:/home/icborba@sefaz.al.gov.br/.m2/repository/com/jhlabs/filters/2.0.235/filters-2.0.235.jar:/home/icborba@sefaz.al.gov.br/.m2/repository/com/paulhammant/ngwebdriver/1.1.5/ngwebdriver-1.1.5.jar:/home/icborba@sefaz.al.gov.br/.m2/repository/joda-time/joda-time/2.8.2/joda-time-2.8.2.jar:/home/icborba@sefaz.al.gov.br/.m2/repository/org/hamcrest/hamcrest/2.2/hamcrest-2.2.jar:/home/icborba@sefaz.al.gov.br/.m2/repository/com/google/jimfs/jimfs/1.1/jimfs-1.1.jar:/home/icborba@sefaz.al.gov.br/.m2/repository/org/mockito/mockito-core/3.3.3/mockito-core-3.3.3.jar:/home/icborba@sefaz.al.gov.br/.m2/repository/javax/xml/bind/jaxb-api/2.3.1/jaxb-api-2.3.1.jar:/home/icborba@sefaz.al.gov.br/.m2/repository/javax/activation/javax.activation-api/1.2.0/javax.activation-api-1.2.0.jar:/home/icborba@sefaz.al.gov.br/.m2/repository/com/sun/xml/bind/jaxb-core/2.3.0.1/jaxb-core-2.3.0.1.jar:/home/icborba@sefaz.al.gov.br/.m2/repository/com/sun/xml/bind/jaxb-impl/2.3.3/jaxb-impl-2.3.3.jar:/home/icborba@sefaz.al.gov.br/.m2/repository/jakarta/xml/bind/jakarta.xml.bind-api/2.3.3/jakarta.xml.bind-api-2.3.3.jar:/home/icborba@sefaz.al.gov.br/.m2/repository/com/sun/activation/jakarta.activation/1.2.2/jakarta.activation-1.2.2.jar:/home/icborba@sefaz.al.gov.br/.m2/repository/javax/activation/activation/1.1.1/activation-1.1.1.jar:/home/icborba@sefaz.al.gov.br/.m2/repository/net/serenity-bdd/serenity-junit/3.0.5/serenity-junit-3.0.5.jar:/home/icborba@sefaz.al.gov.br/.m2/repository/net/serenity-bdd/serenity-jbehave/1.46.0/serenity-jbehave-1.46.0.jar:/home/icborba@sefaz.al.gov.br/.m2/repository/commons-logging/commons-logging/1.2/commons-logging-1.2.jar:/home/icborba@sefaz.al.gov.br/.m2/repository/com/thoughtworks/paranamer/paranamer/2.8/paranamer-2.8.jar:/home/icborba@sefaz.al.gov.br/.m2/repository/org/jbehave/jbehave-core/4.4/jbehave-core-4.4.jar:/home/icborba@sefaz.al.gov.br/.m2/repository/org/hamcrest/hamcrest-library/1.3/hamcrest-library-1.3.jar:/home/icborba@sefaz.al.gov.br/.m2/repository/org/hamcrest/hamcrest-integration/1.3/hamcrest-integration-1.3.jar:/home/icborba@sefaz.al.gov.br/.m2/repository/org/apache/commons/commons-collections4/4.1/commons-collections4-4.1.jar:/home/icborba@sefaz.al.gov.br/.m2/repository/org/codehaus/plexus/plexus-utils/3.1.0/plexus-utils-3.1.0.jar:/home/icborba@sefaz.al.gov.br/.m2/repository/com/github/valfirst/jbehave-junit-runner/2.2.0/jbehave-junit-runner-2.2.0.jar:/home/icborba@sefaz.al.gov.br/.m2/repository/org/reflections/reflections/0.9.11/reflections-0.9.11.jar:/home/icborba@sefaz.al.gov.br/.m2/repository/org/javassist/javassist/3.21.0-GA/javassist-3.21.0-GA.jar:/home/icborba@sefaz.al.gov.br/.m2/repository/org/codehaus/groovy/groovy-all/2.4.13/groovy-all-2.4.13.jar:/home/icborba@sefaz.al.gov.br/.m2/repository/junit/junit/4.12/junit-4.12.jar:/home/icborba@sefaz.al.gov.br/.m2/repository/org/hamcrest/hamcrest-core/1.3/hamcrest-core-1.3.jar:/home/icborba@sefaz.al.gov.br/.m2/repository/org/assertj/assertj-core/3.8.0/assertj-core-3.8.0.jar:/home/icborba@sefaz.al.gov.br/.m2/repository/org/hamcrest/hamcrest-all/1.3/hamcrest-all-1.3.jar:"/>
    <property name="java.vm.vendor" value="Amazon.com Inc."/>
    <property name="sun.arch.data.model" value="64"/>
    <property name="java.vendor.url" value="https://aws.amazon.com/corretto/"/>
    <property name="user.timezone" value=""/>
    <property name="java.vm.specification.version" value="11"/>
    <property name="os.name" value="Linux"/>
    <property name="sun.java.launcher" value="SUN_STANDARD"/>
    <property name="user.country" value="BR"/>
    <property name="sun.boot.library.path" value="/home/icborba@sefaz.al.gov.br/.jdks/corretto-11.0.26/lib"/>
    <property name="sun.java.command" value="/home/icborba@sefaz.al.gov.br/teste/SerenityBDDjBehaveProject/target/surefire/surefirebooter17954552843893283147.jar /home/icborba@sefaz.al.gov.br/teste/SerenityBDDjBehaveProject/target/surefire 2025-01-23T11-54-51_482-jvmRun1 surefire296151738639813882tmp surefire_03584844613939893569tmp"/>
    <property name="jdk.debug" value="release"/>
    <property name="surefire.test.class.path" value="/home/icborba@sefaz.al.gov.br/teste/SerenityBDDjBehaveProject/target/test-classes:/home/icborba@sefaz.al.gov.br/teste/SerenityBDDjBehaveProject/target/classes:/home/icborba@sefaz.al.gov.br/.m2/repository/net/serenity-bdd/serenity-core/3.0.5/serenity-core-3.0.5.jar:/home/icborba@sefaz.al.gov.br/.m2/repository/net/serenity-bdd/serenity-model/3.0.5/serenity-model-3.0.5.jar:/home/icborba@sefaz.al.gov.br/.m2/repository/org/apache/commons/commons-text/1.9/commons-text-1.9.jar:/home/icborba@sefaz.al.gov.br/.m2/repository/commons-net/commons-net/3.6/commons-net-3.6.jar:/home/icborba@sefaz.al.gov.br/.m2/repository/com/google/guava/guava/31.0.1-jre/guava-31.0.1-jre.jar:/home/icborba@sefaz.al.gov.br/.m2/repository/com/google/guava/failureaccess/1.0.1/failureaccess-1.0.1.jar:/home/icborba@sefaz.al.gov.br/.m2/repository/com/google/guava/listenablefuture/9999.0-empty-to-avoid-conflict-with-guava/listenablefuture-9999.0-empty-to-avoid-conflict-with-guava.jar:/home/icborba@sefaz.al.gov.br/.m2/repository/com/google/code/findbugs/jsr305/3.0.2/jsr305-3.0.2.jar:/home/icborba@sefaz.al.gov.br/.m2/repository/org/checkerframework/checker-qual/3.12.0/checker-qual-3.12.0.jar:/home/icborba@sefaz.al.gov.br/.m2/repository/com/google/errorprone/error_prone_annotations/2.7.1/error_prone_annotations-2.7.1.jar:/home/icborba@sefaz.al.gov.br/.m2/repository/com/google/j2objc/j2objc-annotations/1.3/j2objc-annotations-1.3.jar:/home/icborba@sefaz.al.gov.br/.m2/repository/org/slf4j/slf4j-api/1.7.30/slf4j-api-1.7.30.jar:/home/icborba@sefaz.al.gov.br/.m2/repository/com/google/inject/guice/5.0.1/guice-5.0.1.jar:/home/icborba@sefaz.al.gov.br/.m2/repository/javax/inject/javax.inject/1/javax.inject-1.jar:/home/icborba@sefaz.al.gov.br/.m2/repository/aopalliance/aopalliance/1.0/aopalliance-1.0.jar:/home/icborba@sefaz.al.gov.br/.m2/repository/org/jsoup/jsoup/1.13.1/jsoup-1.13.1.jar:/home/icborba@sefaz.al.gov.br/.m2/repository/com/thoughtworks/xstream/xstream/1.4.18/xstream-1.4.18.jar:/home/icborba@sefaz.al.gov.br/.m2/repository/io/github/x-stream/mxparser/1.2.2/mxparser-1.2.2.jar:/home/icborba@sefaz.al.gov.br/.m2/repository/xmlpull/xmlpull/1.1.3.1/xmlpull-1.1.3.1.jar:/home/icborba@sefaz.al.gov.br/.m2/repository/io/cucumber/cucumber-core/6.11.0/cucumber-core-6.11.0.jar:/home/icborba@sefaz.al.gov.br/.m2/repository/io/cucumber/cucumber-gherkin/6.11.0/cucumber-gherkin-6.11.0.jar:/home/icborba@sefaz.al.gov.br/.m2/repository/io/cucumber/cucumber-gherkin-messages/6.11.0/cucumber-gherkin-messages-6.11.0.jar:/home/icborba@sefaz.al.gov.br/.m2/repository/io/cucumber/messages/15.0.0/messages-15.0.0.jar:/home/icborba@sefaz.al.gov.br/.m2/repository/io/cucumber/tag-expressions/3.0.1/tag-expressions-3.0.1.jar:/home/icborba@sefaz.al.gov.br/.m2/repository/io/cucumber/cucumber-expressions/10.3.0/cucumber-expressions-10.3.0.jar:/home/icborba@sefaz.al.gov.br/.m2/repository/io/cucumber/datatable/3.5.0/datatable-3.5.0.jar:/home/icborba@sefaz.al.gov.br/.m2/repository/io/cucumber/cucumber-plugin/6.11.0/cucumber-plugin-6.11.0.jar:/home/icborba@sefaz.al.gov.br/.m2/repository/io/cucumber/docstring/6.11.0/docstring-6.11.0.jar:/home/icborba@sefaz.al.gov.br/.m2/repository/io/cucumber/html-formatter/13.0.0/html-formatter-13.0.0.jar:/home/icborba@sefaz.al.gov.br/.m2/repository/io/cucumber/create-meta/4.0.0/create-meta-4.0.0.jar:/home/icborba@sefaz.al.gov.br/.m2/repository/io/cucumber/cucumber-java/6.11.0/cucumber-java-6.11.0.jar:/home/icborba@sefaz.al.gov.br/.m2/repository/com/typesafe/config/1.3.1/config-1.3.1.jar:/home/icborba@sefaz.al.gov.br/.m2/repository/org/imgscalr/imgscalr-lib/4.2/imgscalr-lib-4.2.jar:/home/icborba@sefaz.al.gov.br/.m2/repository/org/awaitility/awaitility/4.1.0/awaitility-4.1.0.jar:/home/icborba@sefaz.al.gov.br/.m2/repository/org/freemarker/freemarker/2.3.31/freemarker-2.3.31.jar:/home/icborba@sefaz.al.gov.br/.m2/repository/net/sourceforge/jexcelapi/jxl/2.6.12/jxl-2.6.12.jar:/home/icborba@sefaz.al.gov.br/.m2/repository/org/asciidoctor/asciidoctorj/2.5.1/asciidoctorj-2.5.1.jar:/home/icborba@sefaz.al.gov.br/.m2/repository/org/asciidoctor/asciidoctorj-api/2.5.1/asciidoctorj-api-2.5.1.jar:/home/icborba@sefaz.al.gov.br/.m2/repository/org/jruby/jruby/9.2.17.0/jruby-9.2.17.0.jar:/home/icborba@sefaz.al.gov.br/.m2/repository/org/jruby/jruby-core/9.2.17.0/jruby-core-9.2.17.0.jar:/home/icborba@sefaz.al.gov.br/.m2/repository/com/github/jnr/jnr-netdb/1.2.0/jnr-netdb-1.2.0.jar:/home/icborba@sefaz.al.gov.br/.m2/repository/com/github/jnr/jnr-enxio/0.32.3/jnr-enxio-0.32.3.jar:/home/icborba@sefaz.al.gov.br/.m2/repository/com/github/jnr/jnr-unixsocket/0.38.5/jnr-unixsocket-0.38.5.jar:/home/icborba@sefaz.al.gov.br/.m2/repository/com/github/jnr/jnr-posix/3.1.4/jnr-posix-3.1.4.jar:/home/icborba@sefaz.al.gov.br/.m2/repository/com/github/jnr/jnr-constants/0.10.1/jnr-constants-0.10.1.jar:/home/icborba@sefaz.al.gov.br/.m2/repository/com/github/jnr/jffi/1.3.1/jffi-1.3.1.jar:/home/icborba@sefaz.al.gov.br/.m2/repository/com/github/jnr/jffi/1.3.1/jffi-1.3.1-native.jar:/home/icborba@sefaz.al.gov.br/.m2/repository/org/jruby/joni/joni/2.1.31/joni-2.1.31.jar:/home/icborba@sefaz.al.gov.br/.m2/repository/org/jruby/jcodings/jcodings/1.0.46/jcodings-1.0.46.jar:/home/icborba@sefaz.al.gov.br/.m2/repository/org/jruby/dirgra/0.3/dirgra-0.3.jar:/home/icborba@sefaz.al.gov.br/.m2/repository/com/headius/invokebinder/1.11/invokebinder-1.11.jar:/home/icborba@sefaz.al.gov.br/.m2/repository/com/headius/options/1.4/options-1.4.jar:/home/icborba@sefaz.al.gov.br/.m2/repository/com/jcraft/jzlib/1.1.3/jzlib-1.1.3.jar:/home/icborba@sefaz.al.gov.br/.m2/repository/com/martiansoftware/nailgun-server/0.9.1/nailgun-server-0.9.1.jar:/home/icborba@sefaz.al.gov.br/.m2/repository/com/headius/backport9/1.8/backport9-1.8.jar:/home/icborba@sefaz.al.gov.br/.m2/repository/javax/annotation/javax.annotation-api/1.3.1/javax.annotation-api-1.3.1.jar:/home/icborba@sefaz.al.gov.br/.m2/repository/org/jruby/jruby-stdlib/9.2.17.0/jruby-stdlib-9.2.17.0.jar:/home/icborba@sefaz.al.gov.br/.m2/repository/net/bytebuddy/byte-buddy/1.11.22/byte-buddy-1.11.22.jar:/home/icborba@sefaz.al.gov.br/.m2/repository/net/bytebuddy/byte-buddy-agent/1.11.22/byte-buddy-agent-1.11.22.jar:/home/icborba@sefaz.al.gov.br/.m2/repository/org/objenesis/objenesis/3.1/objenesis-3.1.jar:/home/icborba@sefaz.al.gov.br/.m2/repository/net/serenity-bdd/serenity-reports/3.0.5/serenity-reports-3.0.5.jar:/home/icborba@sefaz.al.gov.br/.m2/repository/net/serenity-bdd/serenity-stats/3.0.5/serenity-stats-3.0.5.jar:/home/icborba@sefaz.al.gov.br/.m2/repository/org/jetbrains/kotlin/kotlin-stdlib/1.5.31/kotlin-stdlib-1.5.31.jar:/home/icborba@sefaz.al.gov.br/.m2/repository/org/jetbrains/annotations/13.0/annotations-13.0.jar:/home/icborba@sefaz.al.gov.br/.m2/repository/org/jetbrains/kotlin/kotlin-stdlib-common/1.5.31/kotlin-stdlib-common-1.5.31.jar:/home/icborba@sefaz.al.gov.br/.m2/repository/net/serenity-bdd/serenity-reports-configuration/3.0.5/serenity-reports-configuration-3.0.5.jar:/home/icborba@sefaz.al.gov.br/.m2/repository/com/vladsch/flexmark/flexmark-all/0.34.30/flexmark-all-0.34.30.jar:/home/icborba@sefaz.al.gov.br/.m2/repository/com/vladsch/flexmark/flexmark/0.34.30/flexmark-0.34.30.jar:/home/icborba@sefaz.al.gov.br/.m2/repository/com/vladsch/flexmark/flexmark-ext-abbreviation/0.34.30/flexmark-ext-abbreviation-0.34.30.jar:/home/icborba@sefaz.al.gov.br/.m2/repository/com/vladsch/flexmark/flexmark-ext-admonition/0.34.30/flexmark-ext-admonition-0.34.30.jar:/home/icborba@sefaz.al.gov.br/.m2/repository/com/vladsch/flexmark/flexmark-ext-anchorlink/0.34.30/flexmark-ext-anchorlink-0.34.30.jar:/home/icborba@sefaz.al.gov.br/.m2/repository/com/vladsch/flexmark/flexmark-ext-aside/0.34.30/flexmark-ext-aside-0.34.30.jar:/home/icborba@sefaz.al.gov.br/.m2/repository/com/vladsch/flexmark/flexmark-ext-attributes/0.34.30/flexmark-ext-attributes-0.34.30.jar:/home/icborba@sefaz.al.gov.br/.m2/repository/com/vladsch/flexmark/flexmark-ext-autolink/0.34.30/flexmark-ext-autolink-0.34.30.jar:/home/icborba@sefaz.al.gov.br/.m2/repository/org/nibor/autolink/autolink/0.6.0/autolink-0.6.0.jar:/home/icborba@sefaz.al.gov.br/.m2/repository/com/vladsch/flexmark/flexmark-ext-definition/0.34.30/flexmark-ext-definition-0.34.30.jar:/home/icborba@sefaz.al.gov.br/.m2/repository/com/vladsch/flexmark/flexmark-ext-emoji/0.34.30/flexmark-ext-emoji-0.34.30.jar:/home/icborba@sefaz.al.gov.br/.m2/repository/com/vladsch/flexmark/flexmark-ext-enumerated-reference/0.34.30/flexmark-ext-enumerated-reference-0.34.30.jar:/home/icborba@sefaz.al.gov.br/.m2/repository/com/vladsch/flexmark/flexmark-ext-escaped-character/0.34.30/flexmark-ext-escaped-character-0.34.30.jar:/home/icborba@sefaz.al.gov.br/.m2/repository/com/vladsch/flexmark/flexmark-ext-footnotes/0.34.30/flexmark-ext-footnotes-0.34.30.jar:/home/icborba@sefaz.al.gov.br/.m2/repository/com/vladsch/flexmark/flexmark-ext-gfm-issues/0.34.30/flexmark-ext-gfm-issues-0.34.30.jar:/home/icborba@sefaz.al.gov.br/.m2/repository/com/vladsch/flexmark/flexmark-ext-gfm-strikethrough/0.34.30/flexmark-ext-gfm-strikethrough-0.34.30.jar:/home/icborba@sefaz.al.gov.br/.m2/repository/com/vladsch/flexmark/flexmark-ext-gfm-tables/0.34.30/flexmark-ext-gfm-tables-0.34.30.jar:/home/icborba@sefaz.al.gov.br/.m2/repository/com/vladsch/flexmark/flexmark-ext-gfm-tasklist/0.34.30/flexmark-ext-gfm-tasklist-0.34.30.jar:/home/icborba@sefaz.al.gov.br/.m2/repository/com/vladsch/flexmark/flexmark-ext-gfm-users/0.34.30/flexmark-ext-gfm-users-0.34.30.jar:/home/icborba@sefaz.al.gov.br/.m2/repository/com/vladsch/flexmark/flexmark-ext-gitlab/0.34.30/flexmark-ext-gitlab-0.34.30.jar:/home/icborba@sefaz.al.gov.br/.m2/repository/com/vladsch/flexmark/flexmark-ext-jekyll-front-matter/0.34.30/flexmark-ext-jekyll-front-matter-0.34.30.jar:/home/icborba@sefaz.al.gov.br/.m2/repository/com/vladsch/flexmark/flexmark-ext-jekyll-tag/0.34.30/flexmark-ext-jekyll-tag-0.34.30.jar:/home/icborba@sefaz.al.gov.br/.m2/repository/com/vladsch/flexmark/flexmark-ext-media-tags/0.34.30/flexmark-ext-media-tags-0.34.30.jar:/home/icborba@sefaz.al.gov.br/.m2/repository/com/vladsch/flexmark/flexmark-test-util/0.34.30/flexmark-test-util-0.34.30.jar:/home/icborba@sefaz.al.gov.br/.m2/repository/com/vladsch/flexmark/flexmark-ext-ins/0.34.30/flexmark-ext-ins-0.34.30.jar:/home/icborba@sefaz.al.gov.br/.m2/repository/com/vladsch/flexmark/flexmark-ext-xwiki-macros/0.34.30/flexmark-ext-xwiki-macros-0.34.30.jar:/home/icborba@sefaz.al.gov.br/.m2/repository/com/vladsch/flexmark/flexmark-ext-superscript/0.34.30/flexmark-ext-superscript-0.34.30.jar:/home/icborba@sefaz.al.gov.br/.m2/repository/com/vladsch/flexmark/flexmark-ext-tables/0.34.30/flexmark-ext-tables-0.34.30.jar:/home/icborba@sefaz.al.gov.br/.m2/repository/com/vladsch/flexmark/flexmark-ext-toc/0.34.30/flexmark-ext-toc-0.34.30.jar:/home/icborba@sefaz.al.gov.br/.m2/repository/com/vladsch/flexmark/flexmark-ext-typographic/0.34.30/flexmark-ext-typographic-0.34.30.jar:/home/icborba@sefaz.al.gov.br/.m2/repository/com/vladsch/flexmark/flexmark-ext-wikilink/0.34.30/flexmark-ext-wikilink-0.34.30.jar:/home/icborba@sefaz.al.gov.br/.m2/repository/com/vladsch/flexmark/flexmark-ext-yaml-front-matter/0.34.30/flexmark-ext-yaml-front-matter-0.34.30.jar:/home/icborba@sefaz.al.gov.br/.m2/repository/com/vladsch/flexmark/flexmark-ext-youtube-embedded/0.34.30/flexmark-ext-youtube-embedded-0.34.30.jar:/home/icborba@sefaz.al.gov.br/.m2/repository/com/vladsch/flexmark/flexmark-formatter/0.34.30/flexmark-formatter-0.34.30.jar:/home/icborba@sefaz.al.gov.br/.m2/repository/com/vladsch/flexmark/flexmark-html-parser/0.34.30/flexmark-html-parser-0.34.30.jar:/home/icborba@sefaz.al.gov.br/.m2/repository/com/vladsch/flexmark/flexmark-jira-converter/0.34.30/flexmark-jira-converter-0.34.30.jar:/home/icborba@sefaz.al.gov.br/.m2/repository/com/vladsch/flexmark/flexmark-pdf-converter/0.34.30/flexmark-pdf-converter-0.34.30.jar:/home/icborba@sefaz.al.gov.br/.m2/repository/com/openhtmltopdf/openhtmltopdf-core/0.0.1-RC13/openhtmltopdf-core-0.0.1-RC13.jar:/home/icborba@sefaz.al.gov.br/.m2/repository/com/openhtmltopdf/openhtmltopdf-pdfbox/0.0.1-RC13/openhtmltopdf-pdfbox-0.0.1-RC13.jar:/home/icborba@sefaz.al.gov.br/.m2/repository/org/apache/pdfbox/pdfbox/2.0.8/pdfbox-2.0.8.jar:/home/icborba@sefaz.al.gov.br/.m2/repository/org/apache/pdfbox/fontbox/2.0.8/fontbox-2.0.8.jar:/home/icborba@sefaz.al.gov.br/.m2/repository/org/apache/pdfbox/xmpbox/2.0.8/xmpbox-2.0.8.jar:/home/icborba@sefaz.al.gov.br/.m2/repository/de/rototor/pdfbox/graphics2d/0.12/graphics2d-0.12.jar:/home/icborba@sefaz.al.gov.br/.m2/repository/com/openhtmltopdf/openhtmltopdf-rtl-support/0.0.1-RC13/openhtmltopdf-rtl-support-0.0.1-RC13.jar:/home/icborba@sefaz.al.gov.br/.m2/repository/com/ibm/icu/icu4j/59.1/icu4j-59.1.jar:/home/icborba@sefaz.al.gov.br/.m2/repository/com/openhtmltopdf/openhtmltopdf-jsoup-dom-converter/0.0.1-RC13/openhtmltopdf-jsoup-dom-converter-0.0.1-RC13.jar:/home/icborba@sefaz.al.gov.br/.m2/repository/com/vladsch/flexmark/flexmark-profile-pegdown/0.34.30/flexmark-profile-pegdown-0.34.30.jar:/home/icborba@sefaz.al.gov.br/.m2/repository/com/vladsch/flexmark/flexmark-util/0.34.30/flexmark-util-0.34.30.jar:/home/icborba@sefaz.al.gov.br/.m2/repository/com/vladsch/flexmark/flexmark-youtrack-converter/0.34.30/flexmark-youtrack-converter-0.34.30.jar:/home/icborba@sefaz.al.gov.br/.m2/repository/es/nitaur/markdown/txtmark/0.16/txtmark-0.16.jar:/home/icborba@sefaz.al.gov.br/.m2/repository/net/serenity-bdd/serenity-report-resources/3.0.5/serenity-report-resources-3.0.5.jar:/home/icborba@sefaz.al.gov.br/.m2/repository/com/google/code/gson/gson/2.8.8/gson-2.8.8.jar:/home/icborba@sefaz.al.gov.br/.m2/repository/com/fasterxml/jackson/core/jackson-core/2.12.4/jackson-core-2.12.4.jar:/home/icborba@sefaz.al.gov.br/.m2/repository/com/fasterxml/jackson/core/jackson-databind/2.12.4/jackson-databind-2.12.4.jar:/home/icborba@sefaz.al.gov.br/.m2/repository/com/fasterxml/jackson/core/jackson-annotations/2.12.4/jackson-annotations-2.12.4.jar:/home/icborba@sefaz.al.gov.br/.m2/repository/commons-codec/commons-codec/1.15/commons-codec-1.15.jar:/home/icborba@sefaz.al.gov.br/.m2/repository/commons-io/commons-io/2.8.0/commons-io-2.8.0.jar:/home/icborba@sefaz.al.gov.br/.m2/repository/org/seleniumhq/selenium/selenium-server/3.141.59/selenium-server-3.141.59.jar:/home/icborba@sefaz.al.gov.br/.m2/repository/org/seleniumhq/selenium/selenium-opera-driver/3.141.59/selenium-opera-driver-3.141.59.jar:/home/icborba@sefaz.al.gov.br/.m2/repository/org/seleniumhq/selenium/selenium-remote-driver/3.141.59/selenium-remote-driver-3.141.59.jar:/home/icborba@sefaz.al.gov.br/.m2/repository/org/seleniumhq/selenium/selenium-safari-driver/3.141.59/selenium-safari-driver-3.141.59.jar:/home/icborba@sefaz.al.gov.br/.m2/repository/com/beust/jcommander/1.72/jcommander-1.72.jar:/home/icborba@sefaz.al.gov.br/.m2/repository/org/apache/commons/commons-exec/1.3/commons-exec-1.3.jar:/home/icborba@sefaz.al.gov.br/.m2/repository/net/jcip/jcip-annotations/1.0/jcip-annotations-1.0.jar:/home/icborba@sefaz.al.gov.br/.m2/repository/org/seleniumhq/selenium/jetty-repacked/9.4.12.v20180830/jetty-repacked-9.4.12.v20180830.jar:/home/icborba@sefaz.al.gov.br/.m2/repository/com/squareup/okhttp3/okhttp/3.11.0/okhttp-3.11.0.jar:/home/icborba@sefaz.al.gov.br/.m2/repository/com/squareup/okio/okio/1.14.0/okio-1.14.0.jar:/home/icborba@sefaz.al.gov.br/.m2/repository/javax/servlet/javax.servlet-api/3.1.0/javax.servlet-api-3.1.0.jar:/home/icborba@sefaz.al.gov.br/.m2/repository/org/yaml/snakeyaml/1.19/snakeyaml-1.19.jar:/home/icborba@sefaz.al.gov.br/.m2/repository/org/seleniumhq/selenium/selenium-java/3.141.59/selenium-java-3.141.59.jar:/home/icborba@sefaz.al.gov.br/.m2/repository/org/seleniumhq/selenium/selenium-api/3.141.59/selenium-api-3.141.59.jar:/home/icborba@sefaz.al.gov.br/.m2/repository/org/seleniumhq/selenium/selenium-support/3.141.59/selenium-support-3.141.59.jar:/home/icborba@sefaz.al.gov.br/.m2/repository/org/seleniumhq/selenium/selenium-chrome-driver/3.141.59/selenium-chrome-driver-3.141.59.jar:/home/icborba@sefaz.al.gov.br/.m2/repository/org/seleniumhq/selenium/selenium-firefox-driver/3.141.59/selenium-firefox-driver-3.141.59.jar:/home/icborba@sefaz.al.gov.br/.m2/repository/org/seleniumhq/selenium/selenium-edge-driver/3.141.59/selenium-edge-driver-3.141.59.jar:/home/icborba@sefaz.al.gov.br/.m2/repository/org/seleniumhq/selenium/selenium-ie-driver/3.141.59/selenium-ie-driver-3.141.59.jar:/home/icborba@sefaz.al.gov.br/.m2/repository/net/sourceforge/htmlunit/htmlunit/2.47.1/htmlunit-2.47.1.jar:/home/icborba@sefaz.al.gov.br/.m2/repository/xalan/xalan/2.7.2/xalan-2.7.2.jar:/home/icborba@sefaz.al.gov.br/.m2/repository/xalan/serializer/2.7.2/serializer-2.7.2.jar:/home/icborba@sefaz.al.gov.br/.m2/repository/org/apache/httpcomponents/httpmime/4.5.13/httpmime-4.5.13.jar:/home/icborba@sefaz.al.gov.br/.m2/repository/org/apache/httpcomponents/httpclient/4.5.13/httpclient-4.5.13.jar:/home/icborba@sefaz.al.gov.br/.m2/repository/org/apache/httpcomponents/httpcore/4.4.13/httpcore-4.4.13.jar:/home/icborba@sefaz.al.gov.br/.m2/repository/net/sourceforge/htmlunit/htmlunit-core-js/2.47.0/htmlunit-core-js-2.47.0.jar:/home/icborba@sefaz.al.gov.br/.m2/repository/net/sourceforge/htmlunit/neko-htmlunit/2.47.1/neko-htmlunit-2.47.1.jar:/home/icborba@sefaz.al.gov.br/.m2/repository/xerces/xercesImpl/2.12.0/xercesImpl-2.12.0.jar:/home/icborba@sefaz.al.gov.br/.m2/repository/xml-apis/xml-apis/1.4.01/xml-apis-1.4.01.jar:/home/icborba@sefaz.al.gov.br/.m2/repository/net/sourceforge/htmlunit/htmlunit-cssparser/1.7.0/htmlunit-cssparser-1.7.0.jar:/home/icborba@sefaz.al.gov.br/.m2/repository/org/brotli/dec/0.1.2/dec-0.1.2.jar:/home/icborba@sefaz.al.gov.br/.m2/repository/com/shapesecurity/salvation2/3.0.0/salvation2-3.0.0.jar:/home/icborba@sefaz.al.gov.br/.m2/repository/org/eclipse/jetty/websocket/websocket-client/9.4.36.v20210114/websocket-client-9.4.36.v20210114.jar:/home/icborba@sefaz.al.gov.br/.m2/repository/org/eclipse/jetty/jetty-client/9.4.36.v20210114/jetty-client-9.4.36.v20210114.jar:/home/icborba@sefaz.al.gov.br/.m2/repository/org/eclipse/jetty/jetty-http/9.4.36.v20210114/jetty-http-9.4.36.v20210114.jar:/home/icborba@sefaz.al.gov.br/.m2/repository/org/eclipse/jetty/jetty-util/9.4.36.v20210114/jetty-util-9.4.36.v20210114.jar:/home/icborba@sefaz.al.gov.br/.m2/repository/org/eclipse/jetty/jetty-io/9.4.36.v20210114/jetty-io-9.4.36.v20210114.jar:/home/icborba@sefaz.al.gov.br/.m2/repository/org/eclipse/jetty/websocket/websocket-common/9.4.36.v20210114/websocket-common-9.4.36.v20210114.jar:/home/icborba@sefaz.al.gov.br/.m2/repository/org/eclipse/jetty/websocket/websocket-api/9.4.36.v20210114/websocket-api-9.4.36.v20210114.jar:/home/icborba@sefaz.al.gov.br/.m2/repository/org/projectlombok/lombok/1.18.20/lombok-1.18.20.jar:/home/icborba@sefaz.al.gov.br/.m2/repository/org/seleniumhq/selenium/htmlunit-driver/2.47.1/htmlunit-driver-2.47.1.jar:/home/icborba@sefaz.al.gov.br/.m2/repository/com/codeborne/phantomjsdriver/1.4.4/phantomjsdriver-1.4.4.jar:/home/icborba@sefaz.al.gov.br/.m2/repository/io/appium/java-client/7.5.1/java-client-7.5.1.jar:/home/icborba@sefaz.al.gov.br/.m2/repository/commons-validator/commons-validator/1.7/commons-validator-1.7.jar:/home/icborba@sefaz.al.gov.br/.m2/repository/commons-digester/commons-digester/2.1/commons-digester-2.1.jar:/home/icborba@sefaz.al.gov.br/.m2/repository/org/aspectj/aspectjweaver/1.9.6/aspectjweaver-1.9.6.jar:/home/icborba@sefaz.al.gov.br/.m2/repository/org/codehaus/groovy/groovy/3.0.9/groovy-3.0.9.jar:/home/icborba@sefaz.al.gov.br/.m2/repository/net/sf/opencsv/opencsv/2.0/opencsv-2.0.jar:/home/icborba@sefaz.al.gov.br/.m2/repository/commons-beanutils/commons-beanutils/1.9.4/commons-beanutils-1.9.4.jar:/home/icborba@sefaz.al.gov.br/.m2/repository/org/apache/commons/commons-lang3/3.11/commons-lang3-3.11.jar:/home/icborba@sefaz.al.gov.br/.m2/repository/commons-collections/commons-collections/3.2.2/commons-collections-3.2.2.jar:/home/icborba@sefaz.al.gov.br/.m2/repository/org/fluentlenium/fluentlenium-core/0.10.2/fluentlenium-core-0.10.2.jar:/home/icborba@sefaz.al.gov.br/.m2/repository/io/github/bonigarcia/webdrivermanager/4.4.1/webdrivermanager-4.4.1.jar:/home/icborba@sefaz.al.gov.br/.m2/repository/org/apache/httpcomponents/client5/httpclient5/5.0.3/httpclient5-5.0.3.jar:/home/icborba@sefaz.al.gov.br/.m2/repository/org/apache/httpcomponents/core5/httpcore5/5.0.2/httpcore5-5.0.2.jar:/home/icborba@sefaz.al.gov.br/.m2/repository/org/apache/httpcomponents/core5/httpcore5-h2/5.0.2/httpcore5-h2-5.0.2.jar:/home/icborba@sefaz.al.gov.br/.m2/repository/org/rauschig/jarchivelib/1.1.0/jarchivelib-1.1.0.jar:/home/icborba@sefaz.al.gov.br/.m2/repository/org/apache/commons/commons-compress/1.20/commons-compress-1.20.jar:/home/icborba@sefaz.al.gov.br/.m2/repository/com/jhlabs/filters/2.0.235/filters-2.0.235.jar:/home/icborba@sefaz.al.gov.br/.m2/repository/com/paulhammant/ngwebdriver/1.1.5/ngwebdriver-1.1.5.jar:/home/icborba@sefaz.al.gov.br/.m2/repository/joda-time/joda-time/2.8.2/joda-time-2.8.2.jar:/home/icborba@sefaz.al.gov.br/.m2/repository/org/hamcrest/hamcrest/2.2/hamcrest-2.2.jar:/home/icborba@sefaz.al.gov.br/.m2/repository/com/google/jimfs/jimfs/1.1/jimfs-1.1.jar:/home/icborba@sefaz.al.gov.br/.m2/repository/org/mockito/mockito-core/3.3.3/mockito-core-3.3.3.jar:/home/icborba@sefaz.al.gov.br/.m2/repository/javax/xml/bind/jaxb-api/2.3.1/jaxb-api-2.3.1.jar:/home/icborba@sefaz.al.gov.br/.m2/repository/javax/activation/javax.activation-api/1.2.0/javax.activation-api-1.2.0.jar:/home/icborba@sefaz.al.gov.br/.m2/repository/com/sun/xml/bind/jaxb-core/2.3.0.1/jaxb-core-2.3.0.1.jar:/home/icborba@sefaz.al.gov.br/.m2/repository/com/sun/xml/bind/jaxb-impl/2.3.3/jaxb-impl-2.3.3.jar:/home/icborba@sefaz.al.gov.br/.m2/repository/jakarta/xml/bind/jakarta.xml.bind-api/2.3.3/jakarta.xml.bind-api-2.3.3.jar:/home/icborba@sefaz.al.gov.br/.m2/repository/com/sun/activation/jakarta.activation/1.2.2/jakarta.activation-1.2.2.jar:/home/icborba@sefaz.al.gov.br/.m2/repository/javax/activation/activation/1.1.1/activation-1.1.1.jar:/home/icborba@sefaz.al.gov.br/.m2/repository/net/serenity-bdd/serenity-junit/3.0.5/serenity-junit-3.0.5.jar:/home/icborba@sefaz.al.gov.br/.m2/repository/net/serenity-bdd/serenity-jbehave/1.46.0/serenity-jbehave-1.46.0.jar:/home/icborba@sefaz.al.gov.br/.m2/repository/commons-logging/commons-logging/1.2/commons-logging-1.2.jar:/home/icborba@sefaz.al.gov.br/.m2/repository/com/thoughtworks/paranamer/paranamer/2.8/paranamer-2.8.jar:/home/icborba@sefaz.al.gov.br/.m2/repository/org/jbehave/jbehave-core/4.4/jbehave-core-4.4.jar:/home/icborba@sefaz.al.gov.br/.m2/repository/org/hamcrest/hamcrest-library/1.3/hamcrest-library-1.3.jar:/home/icborba@sefaz.al.gov.br/.m2/repository/org/hamcrest/hamcrest-integration/1.3/hamcrest-integration-1.3.jar:/home/icborba@sefaz.al.gov.br/.m2/repository/org/apache/commons/commons-collections4/4.1/commons-collections4-4.1.jar:/home/icborba@sefaz.al.gov.br/.m2/repository/org/codehaus/plexus/plexus-utils/3.1.0/plexus-utils-3.1.0.jar:/home/icborba@sefaz.al.gov.br/.m2/repository/com/github/valfirst/jbehave-junit-runner/2.2.0/jbehave-junit-runner-2.2.0.jar:/home/icborba@sefaz.al.gov.br/.m2/repository/org/reflections/reflections/0.9.11/reflections-0.9.11.jar:/home/icborba@sefaz.al.gov.br/.m2/repository/org/javassist/javassist/3.21.0-GA/javassist-3.21.0-GA.jar:/home/icborba@sefaz.al.gov.br/.m2/repository/org/codehaus/groovy/groovy-all/2.4.13/groovy-all-2.4.13.jar:/home/icborba@sefaz.al.gov.br/.m2/repository/junit/junit/4.12/junit-4.12.jar:/home/icborba@sefaz.al.gov.br/.m2/repository/org/hamcrest/hamcrest-core/1.3/hamcrest-core-1.3.jar:/home/icborba@sefaz.al.gov.br/.m2/repository/org/assertj/assertj-core/3.8.0/assertj-core-3.8.0.jar:/home/icborba@sefaz.al.gov.br/.m2/repository/org/hamcrest/hamcrest-all/1.3/hamcrest-all-1.3.jar:"/>
    <property name="sun.cpu.endian" value="little"/>
    <property name="user.home" value="/home/icborba@sefaz.al.gov.br"/>
    <property name="user.language" value="pt"/>
    <property name="java.specification.vendor" value="Oracle Corporation"/>
    <property name="java.version.date" value="2025-01-21"/>
    <property name="java.home" value="/home/icborba@sefaz.al.gov.br/.jdks/corretto-11.0.26"/>
    <property name="file.separator" value="/"/>
    <property name="basedir" value="/home/icborba@sefaz.al.gov.br/teste/SerenityBDDjBehaveProject"/>
    <property name="java.vm.compressedOopsMode" value="Zero based"/>
    <property name="line.separator" value="&#10;"/>
    <property name="java.specification.name" value="Java Platform API Specification"/>
    <property name="java.vm.specification.vendor" value="Oracle Corporation"/>
    <property name="java.awt.graphicsenv" value="sun.awt.X11GraphicsEnvironment"/>
    <property name="surefire.real.class.path" value="/home/icborba@sefaz.al.gov.br/teste/SerenityBDDjBehaveProject/target/surefire/surefirebooter17954552843893283147.jar"/>
    <property name="sun.management.compiler" value="HotSpot 64-Bit Tiered Compilers"/>
    <property name="java.runtime.version" value="11.0.26+4-LTS"/>
    <property name="user.name" value="icborba"/>
    <property name="path.separator" value=":"/>
    <property name="os.version" value="6.8.9-100.fc38.x86_64"/>
    <property name="java.runtime.name" value="OpenJDK Runtime Environment"/>
    <property name="file.encoding" value="UTF-8"/>
    <property name="java.vm.name" value="OpenJDK 64-Bit Server VM"/>
    <property name="java.vendor.version" value="Corretto-11.0.26.4.1"/>
    <property name="localRepository" value="/home/icborba@sefaz.al.gov.br/.m2/repository"/>
    <property name="java.vendor.url.bug" value="https://github.com/corretto/corretto-11/issues/"/>
    <property name="java.io.tmpdir" value="/tmp"/>
    <property name="idea.version" value="2024.3.1.1"/>
    <property name="java.version" value="11.0.26"/>
    <property name="user.dir" value="/home/icborba@sefaz.al.gov.br/teste/SerenityBDDjBehaveProject"/>
    <property name="os.arch" value="amd64"/>
    <property name="java.vm.specification.name" value="Java Virtual Machine Specification"/>
    <property name="java.awt.printerjob" value="sun.print.PSPrinterJob"/>
    <property name="sun.os.patch.level" value="unknown"/>
    <property name="java.library.path" value="/usr/java/packages/lib:/usr/lib64:/lib64:/lib:/usr/lib"/>
    <property name="java.vm.info" value="mixed mode"/>
    <property name="java.vendor" value="Amazon.com Inc."/>
    <property name="java.vm.version" value="11.0.26+4-LTS"/>
    <property name="java.specification.maintenance.version" value="3"/>
    <property name="sun.io.unicode.encoding" value="UnicodeLittle"/>
    <property name="java.class.version" value="55.0"/>
  </properties>
  <testcase name="BeforeStories" classname="java.lang.Object" time="0.231">
    <system-out><![CDATA[Processing system properties {}
Using controls EmbedderControls[batch=false,failOnStoryTimeout=false,generateViewAfterStories=true,ignoreFailureInStories=true,ignoreFailureInView=true,skip=false,storyTimeouts=300,threads=1,verboseFailures=false,verboseFiltering=false]

(BeforeStories)

]]></system-out>
    <system-err><![CDATA[SLF4J: Failed to load class "org.slf4j.impl.StaticLoggerBinder".
SLF4J: Defaulting to no-operation (NOP) logger implementation
SLF4J: See http://www.slf4j.org/codes.html#StaticLoggerBinder for further details.
]]></system-err>
  </testcase>
  <testcase name="AfterStories" classname="java.lang.Object" time="0.001">
    <system-out><![CDATA[
(AfterStories)

]]></system-out>
  </testcase>
  <testcase name="Given launch github page" classname="com.testing.stepDefs.githubStepsDef" time="0.484">
    <system-out><![CDATA[Running story stories/github.story

(stories/github.story)
Narrative:
As a user
I want to perform a search action in github
So that I can achieve a business goal for validating the correct user
Scenario: Search in github
Using timeout for story github.story of 300 secs.
Examples:
Given launch github page
When search github <user>
Then validate <username>

|user|username|
|iasminborba|Iasmin Borba|
|harish1309|S Harsih|

Example: {user=iasminborba, username=Iasmin Borba}
Given launch github page
]]></system-out>
  </testcase>
  <testcase name="When search github &lt;user&gt;" classname="com.testing.stepDefs.githubStepsDef" time="0.014">
    <system-out><![CDATA[When search github iasminborba
]]></system-out>
  </testcase>
  <testcase name="Then validate &lt;username&gt;" classname="com.testing.stepDefs.githubStepsDef" time="0.046">
    <system-out><![CDATA[Then validate Iasmin Borba
]]></system-out>
  </testcase>
  <testcase name="Given launch github page​" classname="com.testing.stepDefs.githubStepsDef" time="0.008">
    <system-out><![CDATA[
Example: {user=harish1309, username=S Harsih}
Given launch github page
]]></system-out>
  </testcase>
  <testcase name="When search github &lt;user&gt;​" classname="com.testing.stepDefs.githubStepsDef" time="0.006">
    <system-out><![CDATA[When search github harish1309
]]></system-out>
  </testcase>
  <testcase name="Then validate &lt;username&gt;​" classname="com.testing.stepDefs.githubStepsDef" time="0.005">
    <system-out><![CDATA[Then validate S Harsih
]]></system-out>
  </testcase>
  <testcase name="" classname="Scenario: Search in github" time="0.008">
    <system-out><![CDATA[

]]></system-out>
  </testcase>
  <testcase name="" classname="github․story" time="0.009">
    <system-out><![CDATA[
]]></system-out>
  </testcase>
</testsuite>